Feb-17 08:07:29.757 [main] DEBUG nextflow.cli.Launcher - $> nextflow run hello-containers.nf
Feb-17 08:07:30.496 [main] DEBUG nextflow.cli.CmdRun - N E X T F L O W  ~  version 24.10.4
Feb-17 08:07:30.725 [main] DEBUG nextflow.plugin.PluginsFacade - Setting up plugin manager > mode=prod; embedded=false; plugins-dir=/home/quadjo/.nextflow/plugins; core-plugins: nf-amazon@2.9.2,nf-azure@1.10.2,nf-cloudcache@0.4.2,nf-codecommit@0.2.2,nf-console@1.1.4,nf-google@1.15.3,nf-tower@1.9.3,nf-wave@1.7.4
Feb-17 08:07:31.010 [main] INFO  o.pf4j.DefaultPluginStatusProvider - Enabled plugins: []
Feb-17 08:07:31.018 [main] INFO  o.pf4j.DefaultPluginStatusProvider - Disabled plugins: []
Feb-17 08:07:31.042 [main] INFO  org.pf4j.DefaultPluginManager - PF4J version 3.12.0 in 'deployment' mode
Feb-17 08:07:31.226 [main] INFO  org.pf4j.AbstractPluginManager - No plugins
Feb-17 08:07:31.787 [main] DEBUG nextflow.cli.CmdRun - Applied DSL=2 by global default
Feb-17 08:07:32.042 [main] DEBUG nextflow.cli.CmdRun - Launching `hello-containers.nf` [dreamy_becquerel] DSL2 - revision: 7c6112cc0d
Feb-17 08:07:32.052 [main] DEBUG nextflow.plugin.PluginsFacade - Plugins default=[]
Feb-17 08:07:32.054 [main] DEBUG nextflow.plugin.PluginsFacade - Plugins resolved requirement=[]
Feb-17 08:07:32.552 [main] DEBUG nextflow.Session - Session UUID: d647e930-8f6a-4e7e-b964-b40f6ca97cc6
Feb-17 08:07:32.555 [main] DEBUG nextflow.Session - Run name: dreamy_becquerel
Feb-17 08:07:32.558 [main] DEBUG nextflow.Session - Executor pool size: 4
Feb-17 08:07:32.619 [main] DEBUG nextflow.file.FilePorter - File porter settings maxRetries=3; maxTransfers=50; pollTimeout=null
Feb-17 08:07:32.665 [main] DEBUG nextflow.util.ThreadPoolBuilder - Creating thread pool 'FileTransfer' minSize=10; maxSize=12; workQueue=LinkedBlockingQueue[10000]; allowCoreThreadTimeout=false
Feb-17 08:07:33.084 [main] DEBUG nextflow.cli.CmdRun - 
  Version: 24.10.4 build 5934
  Created: 20-01-2025 16:47 UTC (16:47 GHST)
  System: Linux 6.8.0-52-generic
  Runtime: Groovy 4.0.23 on OpenJDK 64-Bit Server VM 21.0.6+7-Ubuntu-124.04.1
  Encoding: UTF-8 (UTF-8)
  Process: 66134@quadjo-HP-Laptop-15-bs0xx [127.0.1.1]
  CPUs: 4 - Mem: 5.7 GB (165.9 MB) - Swap: 4 GB (1.1 GB)
Feb-17 08:07:33.419 [main] DEBUG nextflow.Session - Work-dir: /home/quadjo/Nextflow/Hello_Nextflow/Hello_containers/work [ext2/ext3]
Feb-17 08:07:33.422 [main] DEBUG nextflow.Session - Script base path does not exist or is not a directory: /home/quadjo/Nextflow/Hello_Nextflow/Hello_containers/bin
Feb-17 08:07:33.514 [main] DEBUG nextflow.executor.ExecutorFactory - Extension executors providers=[]
Feb-17 08:07:33.573 [main] DEBUG nextflow.Session - Observer factory: DefaultObserverFactory
Feb-17 08:07:33.767 [main] DEBUG nextflow.cache.CacheFactory - Using Nextflow cache factory: nextflow.cache.DefaultCacheFactory
Feb-17 08:07:33.926 [main] DEBUG nextflow.util.CustomThreadPool - Creating default thread pool > poolSize: 5; maxThreads: 1000
Feb-17 08:07:34.886 [main] DEBUG nextflow.Session - Session start
Feb-17 08:07:39.010 [main] DEBUG nextflow.script.ScriptRunner - > Launching execution
Feb-17 08:07:39.070 [main] DEBUG n.secret.LocalSecretsProvider - Secrets store: /home/quadjo/.nextflow/secrets/store.json
Feb-17 08:07:39.116 [main] DEBUG nextflow.secret.SecretsLoader - Discovered secrets providers: [nextflow.secret.LocalSecretsProvider@11dcd42c] - activable => nextflow.secret.LocalSecretsProvider@11dcd42c
Feb-17 08:07:40.093 [main] DEBUG nextflow.executor.ExecutorFactory - << taskConfig executor: null
Feb-17 08:07:40.094 [main] DEBUG nextflow.executor.ExecutorFactory - >> processorType: 'local'
Feb-17 08:07:40.121 [main] DEBUG nextflow.executor.Executor - [warm up] executor > local
Feb-17 08:07:40.167 [main] DEBUG n.processor.LocalPollingMonitor - Creating local task monitor for executor 'local' > cpus=4; memory=5.7 GB; capacity=4; pollInterval=100ms; dumpInterval=5m
Feb-17 08:07:40.192 [main] DEBUG n.processor.TaskPollingMonitor - >>> barrier register (monitor: local)
Feb-17 08:07:40.589 [main] DEBUG nextflow.executor.ExecutorFactory - << taskConfig executor: null
Feb-17 08:07:40.589 [main] DEBUG nextflow.executor.ExecutorFactory - >> processorType: 'local'
Feb-17 08:07:40.607 [main] DEBUG nextflow.Session - Workflow process names [dsl2]: sayHello, cowSay
Feb-17 08:07:40.610 [main] DEBUG nextflow.Session - Igniting dataflow network (3)
Feb-17 08:07:40.647 [main] DEBUG nextflow.processor.TaskProcessor - Starting process > sayHello
Feb-17 08:07:40.653 [main] DEBUG nextflow.processor.TaskProcessor - Starting process > cowSay
Feb-17 08:07:40.657 [main] DEBUG nextflow.script.ScriptRunner - Parsed script files:
  Script_a605af169bc8b757: /home/quadjo/Nextflow/Hello_Nextflow/Hello_containers/hello-containers.nf
Feb-17 08:07:40.658 [main] DEBUG nextflow.script.ScriptRunner - > Awaiting termination 
Feb-17 08:07:40.661 [main] DEBUG nextflow.Session - Session await
Feb-17 08:07:41.658 [Task submitter] DEBUG n.executor.local.LocalTaskHandler - Launch cmd line: /bin/bash -ue .command.run
Feb-17 08:07:41.685 [Task submitter] INFO  nextflow.Session - [46/c43ef7] Submitted process > sayHello (3)
Feb-17 08:07:41.734 [Task submitter] DEBUG n.executor.local.LocalTaskHandler - Launch cmd line: /bin/bash -ue .command.run
Feb-17 08:07:41.741 [Task submitter] INFO  nextflow.Session - [9a/dbf50c] Submitted process > sayHello (2)
Feb-17 08:07:41.803 [Task submitter] DEBUG n.executor.local.LocalTaskHandler - Launch cmd line: /bin/bash -ue .command.run
Feb-17 08:07:41.808 [Task submitter] INFO  nextflow.Session - [93/808d26] Submitted process > sayHello (1)
Feb-17 08:07:41.840 [Task monitor] DEBUG n.processor.TaskPollingMonitor - Task completed > TaskHandler[id: 3; name: sayHello (3); status: COMPLETED; exit: 0; error: -; workDir: /home/quadjo/Nextflow/Hello_Nextflow/Hello_containers/work/46/c43ef77a16e159e89f99a81aca6876]
Feb-17 08:07:41.849 [Task monitor] DEBUG nextflow.util.ThreadPoolBuilder - Creating thread pool 'TaskFinalizer' minSize=10; maxSize=12; workQueue=LinkedBlockingQueue[10000]; allowCoreThreadTimeout=false
Feb-17 08:07:41.900 [Task monitor] DEBUG n.processor.TaskPollingMonitor - Task completed > TaskHandler[id: 2; name: sayHello (2); status: COMPLETED; exit: 0; error: -; workDir: /home/quadjo/Nextflow/Hello_Nextflow/Hello_containers/work/9a/dbf50c98f9e60af38e8746ae69c286]
Feb-17 08:07:41.936 [Task monitor] DEBUG n.processor.TaskPollingMonitor - Task completed > TaskHandler[id: 1; name: sayHello (1); status: COMPLETED; exit: 0; error: -; workDir: /home/quadjo/Nextflow/Hello_Nextflow/Hello_containers/work/93/808d26f734a0fdadcdca5a759420d2]
Feb-17 08:07:42.615 [TaskFinalizer-2] DEBUG nextflow.util.ThreadPoolBuilder - Creating thread pool 'PublishDir' minSize=10; maxSize=12; workQueue=LinkedBlockingQueue[10000]; allowCoreThreadTimeout=false
Feb-17 08:07:43.026 [Task submitter] DEBUG n.executor.local.LocalTaskHandler - Launch cmd line: /bin/bash -ue .command.run
Feb-17 08:07:43.030 [Task submitter] INFO  nextflow.Session - [78/4c71bf] Submitted process > cowSay (3)
Feb-17 08:07:43.072 [Task submitter] DEBUG n.executor.local.LocalTaskHandler - Launch cmd line: /bin/bash -ue .command.run
Feb-17 08:07:43.076 [Task submitter] INFO  nextflow.Session - [c7/ce50bc] Submitted process > cowSay (1)
Feb-17 08:07:43.250 [Task submitter] DEBUG n.executor.local.LocalTaskHandler - Launch cmd line: /bin/bash -ue .command.run
Feb-17 08:07:43.259 [Task submitter] INFO  nextflow.Session - [cf/c90270] Submitted process > cowSay (2)
Feb-17 08:07:43.506 [Task monitor] DEBUG n.processor.TaskPollingMonitor - Task completed > TaskHandler[id: 6; name: cowSay (3); status: COMPLETED; exit: 127; error: -; workDir: /home/quadjo/Nextflow/Hello_Nextflow/Hello_containers/work/78/4c71bfdecf7ef10f5e3537c86b1d71]
Feb-17 08:07:43.514 [Task monitor] DEBUG n.processor.TaskPollingMonitor - Task completed > TaskHandler[id: 4; name: cowSay (1); status: COMPLETED; exit: 127; error: -; workDir: /home/quadjo/Nextflow/Hello_Nextflow/Hello_containers/work/c7/ce50bc8df38d8bed7dec62c3a7fb92]
Feb-17 08:07:43.530 [Task monitor] DEBUG n.processor.TaskPollingMonitor - Task completed > TaskHandler[id: 5; name: cowSay (2); status: COMPLETED; exit: 127; error: -; workDir: /home/quadjo/Nextflow/Hello_Nextflow/Hello_containers/work/cf/c90270be3388a70cc82dbd168f243a]
Feb-17 08:07:43.590 [TaskFinalizer-4] DEBUG nextflow.processor.TaskProcessor - Handling unexpected condition for
  task: name=cowSay (3); work-dir=/home/quadjo/Nextflow/Hello_Nextflow/Hello_containers/work/78/4c71bfdecf7ef10f5e3537c86b1d71
  error [nextflow.exception.ProcessFailedException]: Process `cowSay (3)` terminated with an error exit status (127)
Feb-17 08:07:43.848 [TaskFinalizer-4] ERROR nextflow.processor.TaskProcessor - Error executing process > 'cowSay (3)'

Caused by:
  Process `cowSay (3)` terminated with an error exit status (127)


Command executed:

  cowsay -c "cow" -t "$(cat output-Hello.txt)" > cowsay-output-Hello.txt

Command exit status:
  127

Command output:
  (empty)

Command error:
  .command.sh: line 2: cowsay: command not found

Work dir:
  /home/quadjo/Nextflow/Hello_Nextflow/Hello_containers/work/78/4c71bfdecf7ef10f5e3537c86b1d71

Tip: when you have fixed the problem you can continue the execution adding the option `-resume` to the run command line
Feb-17 08:07:43.869 [TaskFinalizer-5] DEBUG nextflow.processor.TaskProcessor - Handling unexpected condition for
  task: name=cowSay (1); work-dir=/home/quadjo/Nextflow/Hello_Nextflow/Hello_containers/work/c7/ce50bc8df38d8bed7dec62c3a7fb92
  error [nextflow.exception.ProcessFailedException]: Process `cowSay (1)` terminated with an error exit status (127)
Feb-17 08:07:43.884 [TaskFinalizer-6] DEBUG nextflow.processor.TaskProcessor - Handling unexpected condition for
  task: name=cowSay (2); work-dir=/home/quadjo/Nextflow/Hello_Nextflow/Hello_containers/work/cf/c90270be3388a70cc82dbd168f243a
  error [nextflow.exception.ProcessFailedException]: Process `cowSay (2)` terminated with an error exit status (127)
Feb-17 08:07:43.893 [TaskFinalizer-4] DEBUG nextflow.Session - Session aborted -- Cause: Process `cowSay (3)` terminated with an error exit status (127)
Feb-17 08:07:43.911 [main] DEBUG nextflow.Session - Session await > all processes finished
Feb-17 08:07:43.942 [Task monitor] DEBUG n.processor.TaskPollingMonitor - <<< barrier arrives (monitor: local) - terminating tasks monitor poll loop
Feb-17 08:07:43.949 [main] DEBUG nextflow.Session - Session await > all barriers passed
Feb-17 08:07:44.043 [main] DEBUG n.trace.WorkflowStatsObserver - Workflow completed > WorkflowStats[succeededCount=3; failedCount=3; ignoredCount=0; cachedCount=0; pendingCount=0; submittedCount=0; runningCount=0; retriesCount=0; abortedCount=0; succeedDuration=83ms; failedDuration=744ms; cachedDuration=0ms;loadCpus=0; loadMemory=0; peakRunning=3; peakCpus=3; peakMemory=0; ]
Feb-17 08:07:44.117 [TaskFinalizer-4] DEBUG nextflow.Session - 
Thread[#11,Signal Dispatcher,9,system]

Thread[#27,Actor Thread 1,5,main]
  java.base@21.0.6/jdk.internal.misc.Unsafe.park(Native Method)
  java.base@21.0.6/java.util.concurrent.locks.LockSupport.parkNanos(LockSupport.java:410)
  java.base@21.0.6/java.util.concurrent.LinkedTransferQueue$DualNode.await(LinkedTransferQueue.java:452)
  java.base@21.0.6/java.util.concurrent.SynchronousQueue$Transferer.xferLifo(SynchronousQueue.java:194)
  java.base@21.0.6/java.util.concurrent.SynchronousQueue.xfer(SynchronousQueue.java:235)
  java.base@21.0.6/java.util.concurrent.SynchronousQueue.poll(SynchronousQueue.java:338)
  java.base@21.0.6/java.util.concurrent.ThreadPoolExecutor.getTask(ThreadPoolExecutor.java:1069)
  java.base@21.0.6/java.util.concurrent.ThreadPoolExecutor.runWorker(ThreadPoolExecutor.java:1130)
  java.base@21.0.6/java.util.concurrent.ThreadPoolExecutor$Worker.run(ThreadPoolExecutor.java:642)
  java.base@21.0.6/java.lang.Thread.runWith(Thread.java:1596)
  java.base@21.0.6/java.lang.Thread.run(Thread.java:1583)

Thread[#32,Actor Thread 3,5,main]
  java.base@21.0.6/jdk.internal.misc.Unsafe.park(Native Method)
  java.base@21.0.6/java.util.concurrent.locks.LockSupport.parkNanos(LockSupport.java:410)
  java.base@21.0.6/java.util.concurrent.LinkedTransferQueue$DualNode.await(LinkedTransferQueue.java:452)
  java.base@21.0.6/java.util.concurrent.SynchronousQueue$Transferer.xferLifo(SynchronousQueue.java:194)
  java.base@21.0.6/java.util.concurrent.SynchronousQueue.xfer(SynchronousQueue.java:235)
  java.base@21.0.6/java.util.concurrent.SynchronousQueue.poll(SynchronousQueue.java:338)
  java.base@21.0.6/java.util.concurrent.ThreadPoolExecutor.getTask(ThreadPoolExecutor.java:1069)
  java.base@21.0.6/java.util.concurrent.ThreadPoolExecutor.runWorker(ThreadPoolExecutor.java:1130)
  java.base@21.0.6/java.util.concurrent.ThreadPoolExecutor$Worker.run(ThreadPoolExecutor.java:642)
  java.base@21.0.6/java.lang.Thread.runWith(Thread.java:1596)
  java.base@21.0.6/java.lang.Thread.run(Thread.java:1583)

Thread[#34,Actor Thread 5,5,main]
  java.base@21.0.6/jdk.internal.misc.Unsafe.park(Native Method)
  java.base@21.0.6/java.util.concurrent.locks.LockSupport.parkNanos(LockSupport.java:410)
  java.base@21.0.6/java.util.concurrent.LinkedTransferQueue$DualNode.await(LinkedTransferQueue.java:452)
  java.base@21.0.6/java.util.concurrent.SynchronousQueue$Transferer.xferLifo(SynchronousQueue.java:194)
  java.base@21.0.6/java.util.concurrent.SynchronousQueue.xfer(SynchronousQueue.java:235)
  java.base@21.0.6/java.util.concurrent.SynchronousQueue.poll(SynchronousQueue.java:338)
  java.base@21.0.6/java.util.concurrent.ThreadPoolExecutor.getTask(ThreadPoolExecutor.java:1069)
  java.base@21.0.6/java.util.concurrent.ThreadPoolExecutor.runWorker(ThreadPoolExecutor.java:1130)
  java.base@21.0.6/java.util.concurrent.ThreadPoolExecutor$Worker.run(ThreadPoolExecutor.java:642)
  java.base@21.0.6/java.lang.Thread.runWith(Thread.java:1596)
  java.base@21.0.6/java.lang.Thread.run(Thread.java:1583)

Thread[#47,pool-2-thread-4,5,main]
  java.base@21.0.6/jdk.internal.misc.Unsafe.park(Native Method)
  java.base@21.0.6/java.util.concurrent.locks.LockSupport.park(LockSupport.java:371)
  java.base@21.0.6/java.util.concurrent.locks.AbstractQueuedSynchronizer$ConditionNode.block(AbstractQueuedSynchronizer.java:519)
  java.base@21.0.6/java.util.concurrent.ForkJoinPool.unmanagedBlock(ForkJoinPool.java:3780)
  java.base@21.0.6/java.util.concurrent.ForkJoinPool.managedBlock(ForkJoinPool.java:3725)
  java.base@21.0.6/java.util.concurrent.locks.AbstractQueuedSynchronizer$ConditionObject.await(AbstractQueuedSynchronizer.java:1712)
  java.base@21.0.6/java.util.concurrent.LinkedBlockingQueue.take(LinkedBlockingQueue.java:435)
  java.base@21.0.6/java.util.concurrent.ThreadPoolExecutor.getTask(ThreadPoolExecutor.java:1070)
  java.base@21.0.6/java.util.concurrent.ThreadPoolExecutor.runWorker(ThreadPoolExecutor.java:1130)
  java.base@21.0.6/java.util.concurrent.ThreadPoolExecutor$Worker.run(ThreadPoolExecutor.java:642)
  java.base@21.0.6/java.lang.Thread.runWith(Thread.java:1596)
  java.base@21.0.6/java.lang.Thread.run(Thread.java:1583)

Thread[#9,Reference Handler,10,system]
  java.base@21.0.6/java.lang.ref.Reference.waitForReferencePendingList(Native Method)
  java.base@21.0.6/java.lang.ref.Reference.processPendingReferences(Reference.java:246)
  java.base@21.0.6/java.lang.ref.Reference$ReferenceHandler.run(Reference.java:208)

Thread[#49,TaskFinalizer-4,5,main]
  java.base@21.0.6/java.lang.Thread.dumpThreads(Native Method)
  java.base@21.0.6/java.lang.Thread.getAllStackTraces(Thread.java:2522)
  app//nextflow.util.SysHelper.dumpThreads(SysHelper.groovy:188)
  app//nextflow.Session.abort(Session.groovy:800)
  app//nextflow.Session.fault(Session.groovy:766)
  app//nextflow.processor.TaskPollingMonitor.finalizeTask(TaskPollingMonitor.groovy:695)
  app//nextflow.processor.TaskPollingMonitor.safeFinalizeTask(TaskPollingMonitor.groovy:678)
  java.base@21.0.6/java.lang.invoke.DirectMethodHandle$Holder.invokeVirtual(DirectMethodHandle$Holder)
  java.base@21.0.6/java.lang.invoke.LambdaForm$MH/0x00007ffb78350000.invoke(LambdaForm$MH)
  java.base@21.0.6/java.lang.invoke.Invokers$Holder.invokeExact_MT(Invokers$Holder)
  java.base@21.0.6/jdk.internal.reflect.DirectMethodHandleAccessor.invokeImpl(DirectMethodHandleAccessor.java:154)
  java.base@21.0.6/jdk.internal.reflect.DirectMethodHandleAccessor.invoke(DirectMethodHandleAccessor.java:103)
  java.base@21.0.6/java.lang.reflect.Method.invoke(Method.java:580)
  app//org.codehaus.groovy.reflection.CachedMethod.invoke(CachedMethod.java:343)
  app//groovy.lang.MetaMethod.doMethodInvoke(MetaMethod.java:328)
  app//groovy.lang.MetaClassImpl.doInvokeMethod(MetaClassImpl.java:1333)
  app//groovy.lang.MetaClassImpl.invokeMethod(MetaClassImpl.java:1088)
  app//groovy.lang.MetaClassImpl.invokeMethod(MetaClassImpl.java:1007)
  app//org.codehaus.groovy.runtime.InvokerHelper.invokePogoMethod(InvokerHelper.java:645)
  app//org.codehaus.groovy.runtime.InvokerHelper.invokeMethod(InvokerHelper.java:628)
  app//org.codehaus.groovy.runtime.InvokerHelper.invokeMethodSafe(InvokerHelper.java:82)
  app//nextflow.processor.TaskPollingMonitor$_checkTaskStatus_lambda8.doCall(TaskPollingMonitor.groovy:668)
  app//nextflow.processor.TaskPollingMonitor$$Lambda/0x00007ffb784135b8.run(Unknown Source)
  java.base@21.0.6/java.util.concurrent.Executors$RunnableAdapter.call(Executors.java:572)
  java.base@21.0.6/java.util.concurrent.FutureTask.run(FutureTask.java:317)
  java.base@21.0.6/java.util.concurrent.ThreadPoolExecutor.runWorker(ThreadPoolExecutor.java:1144)
  java.base@21.0.6/java.util.concurrent.ThreadPoolExecutor$Worker.run(ThreadPoolExecutor.java:642)
  java.base@21.0.6/java.lang.Thread.runWith(Thread.java:1596)
  java.base@21.0.6/java.lang.Thread.run(Thread.java:1583)

Thread[#26,AnsiLogObserver,5,main]
  java.base@21.0.6/java.lang.invoke.LambdaForm$MH/0x00007ffb78173c00.linkToCallSite(LambdaForm$MH)
  app//nextflow.trace.AnsiLogObserver.renderProcesses(AnsiLogObserver.groovy:251)
  app//nextflow.trace.AnsiLogObserver.renderProgress(AnsiLogObserver.groovy:312)
  app//nextflow.trace.AnsiLogObserver.render0(AnsiLogObserver.groovy:190)
  java.base@21.0.6/java.lang.invoke.DirectMethodHandle$Holder.invokeVirtual(DirectMethodHandle$Holder)
  java.base@21.0.6/java.lang.invoke.LambdaForm$MH/0x00007ffb78289400.invoke(LambdaForm$MH)
  java.base@21.0.6/java.lang.invoke.Invokers$Holder.invokeExact_MT(Invokers$Holder)
  java.base@21.0.6/jdk.internal.reflect.DirectMethodHandleAccessor.invokeImpl(DirectMethodHandleAccessor.java:154)
  java.base@21.0.6/jdk.internal.reflect.DirectMethodHandleAccessor.invoke(DirectMethodHandleAccessor.java:103)
  java.base@21.0.6/java.lang.reflect.Method.invoke(Method.java:580)
  app//org.codehaus.groovy.reflection.CachedMethod.invoke(CachedMethod.java:343)
  app//groovy.lang.MetaMethod.doMethodInvoke(MetaMethod.java:328)
  app//groovy.lang.MetaClassImpl.doInvokeMethod(MetaClassImpl.java:1333)
  app//groovy.lang.MetaClassImpl.invokeMethod(MetaClassImpl.java:1088)
  app//groovy.lang.MetaClassImpl.invokeMethodClosure(MetaClassImpl.java:1017)
  app//groovy.lang.MetaClassImpl.doInvokeMethod(MetaClassImpl.java:1207)
  app//groovy.lang.MetaClassImpl.invokeMethod(MetaClassImpl.java:1088)
  app//groovy.lang.MetaClassImpl.invokeMethod(MetaClassImpl.java:1007)
  app//groovy.lang.Closure.call(Closure.java:433)
  app//groovy.lang.Closure.call(Closure.java:412)
  app//groovy.lang.Closure.run(Closure.java:505)
  java.base@21.0.6/java.lang.Thread.runWith(Thread.java:1596)
  java.base@21.0.6/java.lang.Thread.run(Thread.java:1583)

Thread[#30,Task submitter,5,main]
  java.base@21.0.6/jdk.internal.misc.Unsafe.park(Native Method)
  java.base@21.0.6/java.util.concurrent.locks.LockSupport.park(LockSupport.java:371)
  java.base@21.0.6/java.util.concurrent.locks.AbstractQueuedSynchronizer$ConditionNode.block(AbstractQueuedSynchronizer.java:519)
  java.base@21.0.6/java.util.concurrent.ForkJoinPool.unmanagedBlock(ForkJoinPool.java:3780)
  java.base@21.0.6/java.util.concurrent.ForkJoinPool.managedBlock(ForkJoinPool.java:3725)
  java.base@21.0.6/java.util.concurrent.locks.AbstractQueuedSynchronizer$ConditionObject.await(AbstractQueuedSynchronizer.java:1712)
  app//nextflow.processor.TaskPollingMonitor.awaitTasks(TaskPollingMonitor.groovy:388)
  app//nextflow.processor.TaskPollingMonitor.submitLoop(TaskPollingMonitor.groovy:412)
  java.base@21.0.6/java.lang.invoke.LambdaForm$DMH/0x00007ffb781a8000.invokeVirtual(LambdaForm$DMH)
  java.base@21.0.6/java.lang.invoke.LambdaForm$MH/0x00007ffb78254000.invoke(LambdaForm$MH)
  java.base@21.0.6/java.lang.invoke.Invokers$Holder.invokeExact_MT(Invokers$Holder)
  java.base@21.0.6/jdk.internal.reflect.DirectMethodHandleAccessor.invokeImpl(DirectMethodHandleAccessor.java:153)
  java.base@21.0.6/jdk.internal.reflect.DirectMethodHandleAccessor.invoke(DirectMethodHandleAccessor.java:103)
  java.base@21.0.6/java.lang.reflect.Method.invoke(Method.java:580)
  app//org.codehaus.groovy.reflection.CachedMethod.invoke(CachedMethod.java:343)
  app//groovy.lang.MetaMethod.doMethodInvoke(MetaMethod.java:328)
  app//groovy.lang.MetaClassImpl.doInvokeMethod(MetaClassImpl.java:1333)
  app//groovy.lang.MetaClassImpl.invokeMethod(MetaClassImpl.java:1088)
  app//groovy.lang.MetaClassImpl.invokeMethodClosure(MetaClassImpl.java:1017)
  app//groovy.lang.MetaClassImpl.doInvokeMethod(MetaClassImpl.java:1207)
  app//groovy.lang.MetaClassImpl.invokeMethod(MetaClassImpl.java:1088)
  app//groovy.lang.MetaClassImpl.invokeMethod(MetaClassImpl.java:1007)
  app//groovy.lang.Closure.call(Closure.java:433)
  app//groovy.lang.Closure.call(Closure.java:412)
  app//groovy.lang.Closure.run(Closure.java:505)
  java.base@21.0.6/java.lang.Thread.runWith(Thread.java:1596)
  java.base@21.0.6/java.lang.Thread.run(Thread.java:1583)

Thread[#1,main,5,main]
  java.base@21.0.6/java.lang.Object.wait0(Native Method)
  java.base@21.0.6/java.lang.Object.wait(Object.java:366)
  java.base@21.0.6/java.lang.Thread.join(Thread.java:2079)
  java.base@21.0.6/java.lang.Thread.join(Thread.java:2155)
  app//nextflow.trace.AnsiLogObserver.onFlowComplete(AnsiLogObserver.groovy:506)
  app//nextflow.Session.notifyFlowComplete(Session.groovy:1155)
  app//nextflow.Session.shutdown0(Session.groovy:749)
  app//nextflow.Session.destroy(Session.groovy:694)
  app//nextflow.script.ScriptRunner.shutdown(ScriptRunner.groovy:260)
  app//nextflow.script.ScriptRunner.execute(ScriptRunner.groovy:146)
  app//nextflow.cli.CmdRun.run(CmdRun.groovy:376)
  app//nextflow.cli.Launcher.run(Launcher.groovy:503)
  app//nextflow.cli.Launcher.main(Launcher.groovy:658)

Thread[#33,Actor Thread 4,5,main]
  java.base@21.0.6/jdk.internal.misc.Unsafe.park(Native Method)
  java.base@21.0.6/java.util.concurrent.locks.LockSupport.parkNanos(LockSupport.java:410)
  java.base@21.0.6/java.util.concurrent.LinkedTransferQueue$DualNode.await(LinkedTransferQueue.java:452)
  java.base@21.0.6/java.util.concurrent.SynchronousQueue$Transferer.xferLifo(SynchronousQueue.java:194)
  java.base@21.0.6/java.util.concurrent.SynchronousQueue.xfer(SynchronousQueue.java:235)
  java.base@21.0.6/java.util.concurrent.SynchronousQueue.poll(SynchronousQueue.java:338)
  java.base@21.0.6/java.util.concurrent.ThreadPoolExecutor.getTask(ThreadPoolExecutor.java:1069)
  java.base@21.0.6/java.util.concurrent.ThreadPoolExecutor.runWorker(ThreadPoolExecutor.java:1130)
  java.base@21.0.6/java.util.concurrent.ThreadPoolExecutor$Worker.run(ThreadPoolExecutor.java:642)
  java.base@21.0.6/java.lang.Thread.runWith(Thread.java:1596)
  java.base@21.0.6/java.lang.Thread.run(Thread.java:1583)

Thread[#36,pool-2-thread-1,5,main]
  java.base@21.0.6/jdk.internal.misc.Unsafe.park(Native Method)
  java.base@21.0.6/java.util.concurrent.locks.LockSupport.park(LockSupport.java:371)
  java.base@21.0.6/java.util.concurrent.locks.AbstractQueuedSynchronizer$ConditionNode.block(AbstractQueuedSynchronizer.java:519)
  java.base@21.0.6/java.util.concurrent.ForkJoinPool.unmanagedBlock(ForkJoinPool.java:3780)
  java.base@21.0.6/java.util.concurrent.ForkJoinPool.managedBlock(ForkJoinPool.java:3725)
  java.base@21.0.6/java.util.concurrent.locks.AbstractQueuedSynchronizer$ConditionObject.await(AbstractQueuedSynchronizer.java:1712)
  java.base@21.0.6/java.util.concurrent.LinkedBlockingQueue.take(LinkedBlockingQueue.java:435)
  java.base@21.0.6/java.util.concurrent.ThreadPoolExecutor.getTask(ThreadPoolExecutor.java:1070)
  java.base@21.0.6/java.util.concurrent.ThreadPoolExecutor.runWorker(ThreadPoolExecutor.java:1130)
  java.base@21.0.6/java.util.concurrent.ThreadPoolExecutor$Worker.run(ThreadPoolExecutor.java:642)
  java.base@21.0.6/java.lang.Thread.runWith(Thread.java:1596)
  java.base@21.0.6/java.lang.Thread.run(Thread.java:1583)

Thread[#46,Actor Thread 6,5,main]
  java.base@21.0.6/jdk.internal.misc.Unsafe.park(Native Method)
  java.base@21.0.6/java.util.concurrent.locks.LockSupport.parkNanos(LockSupport.java:410)
  java.base@21.0.6/java.util.concurrent.LinkedTransferQueue$DualNode.await(LinkedTransferQueue.java:452)
  java.base@21.0.6/java.util.concurrent.SynchronousQueue$Transferer.xferLifo(SynchronousQueue.java:194)
  java.base@21.0.6/java.util.concurrent.SynchronousQueue.xfer(SynchronousQueue.java:235)
  java.base@21.0.6/java.util.concurrent.SynchronousQueue.poll(SynchronousQueue.java:338)
  java.base@21.0.6/java.util.concurrent.ThreadPoolExecutor.getTask(ThreadPoolExecutor.java:1069)
  java.base@21.0.6/java.util.concurrent.ThreadPoolExecutor.runWorker(ThreadPoolExecutor.java:1130)
  java.base@21.0.6/java.util.concurrent.ThreadPoolExecutor$Worker.run(ThreadPoolExecutor.java:642)
  java.base@21.0.6/java.lang.Thread.runWith(Thread.java:1596)
  java.base@21.0.6/java.lang.Thread.run(Thread.java:1583)

Thread[#37,pool-2-thread-2,5,main]
  java.base@21.0.6/jdk.internal.misc.Unsafe.park(Native Method)
  java.base@21.0.6/java.util.concurrent.locks.LockSupport.park(LockSupport.java:371)
  java.base@21.0.6/java.util.concurrent.locks.AbstractQueuedSynchronizer$ConditionNode.block(AbstractQueuedSynchronizer.java:519)
  java.base@21.0.6/java.util.concurrent.ForkJoinPool.unmanagedBlock(ForkJoinPool.java:3780)
  java.base@21.0.6/java.util.concurrent.ForkJoinPool.managedBlock(ForkJoinPool.java:3725)
  java.base@21.0.6/java.util.concurrent.locks.AbstractQueuedSynchronizer$ConditionObject.await(AbstractQueuedSynchronizer.java:1712)
  java.base@21.0.6/java.util.concurrent.LinkedBlockingQueue.take(LinkedBlockingQueue.java:435)
  java.base@21.0.6/java.util.concurrent.ThreadPoolExecutor.getTask(ThreadPoolExecutor.java:1070)
  java.base@21.0.6/java.util.concurrent.ThreadPoolExecutor.runWorker(ThreadPoolExecutor.java:1130)
  java.base@21.0.6/java.util.concurrent.ThreadPoolExecutor$Worker.run(ThreadPoolExecutor.java:642)
  java.base@21.0.6/java.lang.Thread.runWith(Thread.java:1596)
  java.base@21.0.6/java.lang.Thread.run(Thread.java:1583)

Thread[#48,process reaper,10,InnocuousThreadGroup]
  java.base@21.0.6/jdk.internal.misc.Unsafe.park(Native Method)
  java.base@21.0.6/java.util.concurrent.locks.LockSupport.parkNanos(LockSupport.java:410)
  java.base@21.0.6/java.util.concurrent.LinkedTransferQueue$DualNode.await(LinkedTransferQueue.java:452)
  java.base@21.0.6/java.util.concurrent.SynchronousQueue$Transferer.xferLifo(SynchronousQueue.java:194)
  java.base@21.0.6/java.util.concurrent.SynchronousQueue.xfer(SynchronousQueue.java:235)
  java.base@21.0.6/java.util.concurrent.SynchronousQueue.poll(SynchronousQueue.java:338)
  java.base@21.0.6/java.util.concurrent.ThreadPoolExecutor.getTask(ThreadPoolExecutor.java:1069)
  java.base@21.0.6/java.util.concurrent.ThreadPoolExecutor.runWorker(ThreadPoolExecutor.java:1130)
  java.base@21.0.6/java.util.concurrent.ThreadPoolExecutor$Worker.run(ThreadPoolExecutor.java:642)
  java.base@21.0.6/java.lang.Thread.runWith(Thread.java:1596)
  java.base@21.0.6/java.lang.Thread.run(Thread.java:1583)
  java.base@21.0.6/jdk.internal.misc.InnocuousThread.run(InnocuousThread.java:186)

Thread[#10,Finalizer,8,system]
  java.base@21.0.6/java.lang.Object.wait0(Native Method)
  java.base@21.0.6/java.lang.Object.wait(Object.java:366)
  java.base@21.0.6/java.lang.Object.wait(Object.java:339)
  java.base@21.0.6/java.lang.ref.NativeReferenceQueue.await(NativeReferenceQueue.java:48)
  java.base@21.0.6/java.lang.ref.ReferenceQueue.remove0(ReferenceQueue.java:158)
  java.base@21.0.6/java.lang.ref.NativeReferenceQueue.remove(NativeReferenceQueue.java:89)
  java.base@21.0.6/java.lang.ref.Finalizer$FinalizerThread.run(Finalizer.java:173)

Thread[#31,PathVisitor-1,5,main]
  java.base@21.0.6/jdk.internal.misc.Unsafe.park(Native Method)
  java.base@21.0.6/java.util.concurrent.locks.LockSupport.parkNanos(LockSupport.java:410)
  java.base@21.0.6/java.util.concurrent.LinkedTransferQueue$DualNode.await(LinkedTransferQueue.java:452)
  java.base@21.0.6/java.util.concurrent.SynchronousQueue$Transferer.xferLifo(SynchronousQueue.java:194)
  java.base@21.0.6/java.util.concurrent.SynchronousQueue.xfer(SynchronousQueue.java:235)
  java.base@21.0.6/java.util.concurrent.SynchronousQueue.poll(SynchronousQueue.java:338)
  java.base@21.0.6/java.util.concurrent.ThreadPoolExecutor.getTask(ThreadPoolExecutor.java:1069)
  java.base@21.0.6/java.util.concurrent.ThreadPoolExecutor.runWorker(ThreadPoolExecutor.java:1130)
  java.base@21.0.6/java.util.concurrent.ThreadPoolExecutor$Worker.run(ThreadPoolExecutor.java:642)
  java.base@21.0.6/java.lang.Thread.runWith(Thread.java:1596)
  java.base@21.0.6/java.lang.Thread.run(Thread.java:1583)

Thread[#17,Common-Cleaner,8,InnocuousThreadGroup]
  java.base@21.0.6/jdk.internal.misc.Unsafe.park(Native Method)
  java.base@21.0.6/java.util.concurrent.locks.LockSupport.parkNanos(LockSupport.java:269)
  java.base@21.0.6/java.util.concurrent.locks.AbstractQueuedSynchronizer$ConditionObject.await(AbstractQueuedSynchronizer.java:1852)
  java.base@21.0.6/java.lang.ref.ReferenceQueue.await(ReferenceQueue.java:71)
  java.base@21.0.6/java.lang.ref.ReferenceQueue.remove0(ReferenceQueue.java:143)
  java.base@21.0.6/java.lang.ref.ReferenceQueue.remove(ReferenceQueue.java:218)
  java.base@21.0.6/jdk.internal.ref.CleanerImpl.run(CleanerImpl.java:140)
  java.base@21.0.6/java.lang.Thread.runWith(Thread.java:1596)
  java.base@21.0.6/java.lang.Thread.run(Thread.java:1583)
  java.base@21.0.6/jdk.internal.misc.InnocuousThread.run(InnocuousThread.java:186)

Thread[#28,Actor Thread 2,5,main]
  java.base@21.0.6/jdk.internal.misc.Unsafe.park(Native Method)
  java.base@21.0.6/java.util.concurrent.locks.LockSupport.parkNanos(LockSupport.java:410)
  java.base@21.0.6/java.util.concurrent.LinkedTransferQueue$DualNode.await(LinkedTransferQueue.java:452)
  java.base@21.0.6/java.util.concurrent.SynchronousQueue$Transferer.xferLifo(SynchronousQueue.java:194)
  java.base@21.0.6/java.util.concurrent.SynchronousQueue.xfer(SynchronousQueue.java:235)
  java.base@21.0.6/java.util.concurrent.SynchronousQueue.poll(SynchronousQueue.java:338)
  java.base@21.0.6/java.util.concurrent.ThreadPoolExecutor.getTask(ThreadPoolExecutor.java:1069)
  java.base@21.0.6/java.util.concurrent.ThreadPoolExecutor.runWorker(ThreadPoolExecutor.java:1130)
  java.base@21.0.6/java.util.concurrent.ThreadPoolExecutor$Worker.run(ThreadPoolExecutor.java:642)
  java.base@21.0.6/java.lang.Thread.runWith(Thread.java:1596)
  java.base@21.0.6/java.lang.Thread.run(Thread.java:1583)

Thread[#39,pool-2-thread-3,5,main]
  java.base@21.0.6/jdk.internal.misc.Unsafe.park(Native Method)
  java.base@21.0.6/java.util.concurrent.locks.LockSupport.park(LockSupport.java:371)
  java.base@21.0.6/java.util.concurrent.locks.AbstractQueuedSynchronizer$ConditionNode.block(AbstractQueuedSynchronizer.java:519)
  java.base@21.0.6/java.util.concurrent.ForkJoinPool.unmanagedBlock(ForkJoinPool.java:3780)
  java.base@21.0.6/java.util.concurrent.ForkJoinPool.managedBlock(ForkJoinPool.java:3725)
  java.base@21.0.6/java.util.concurrent.locks.AbstractQueuedSynchronizer$ConditionObject.await(AbstractQueuedSynchronizer.java:1712)
  java.base@21.0.6/java.util.concurrent.LinkedBlockingQueue.take(LinkedBlockingQueue.java:435)
  java.base@21.0.6/java.util.concurrent.ThreadPoolExecutor.getTask(ThreadPoolExecutor.java:1070)
  java.base@21.0.6/java.util.concurrent.ThreadPoolExecutor.runWorker(ThreadPoolExecutor.java:1130)
  java.base@21.0.6/java.util.concurrent.ThreadPoolExecutor$Worker.run(ThreadPoolExecutor.java:642)
  java.base@21.0.6/java.lang.Thread.runWith(Thread.java:1596)
  java.base@21.0.6/java.lang.Thread.run(Thread.java:1583)

Thread[#38,process reaper,10,InnocuousThreadGroup]
  java.base@21.0.6/jdk.internal.misc.Unsafe.park(Native Method)
  java.base@21.0.6/java.util.concurrent.locks.LockSupport.parkNanos(LockSupport.java:410)
  java.base@21.0.6/java.util.concurrent.LinkedTransferQueue$DualNode.await(LinkedTransferQueue.java:452)
  java.base@21.0.6/java.util.concurrent.SynchronousQueue$Transferer.xferLifo(SynchronousQueue.java:194)
  java.base@21.0.6/java.util.concurrent.SynchronousQueue.xfer(SynchronousQueue.java:235)
  java.base@21.0.6/java.util.concurrent.SynchronousQueue.poll(SynchronousQueue.java:338)
  java.base@21.0.6/java.util.concurrent.ThreadPoolExecutor.getTask(ThreadPoolExecutor.java:1069)
  java.base@21.0.6/java.util.concurrent.ThreadPoolExecutor.runWorker(ThreadPoolExecutor.java:1130)
  java.base@21.0.6/java.util.concurrent.ThreadPoolExecutor$Worker.run(ThreadPoolExecutor.java:642)
  java.base@21.0.6/java.lang.Thread.runWith(Thread.java:1596)
  java.base@21.0.6/java.lang.Thread.run(Thread.java:1583)
  java.base@21.0.6/jdk.internal.misc.InnocuousThread.run(InnocuousThread.java:186)

Thread[#24,process reaper,10,InnocuousThreadGroup]
  java.base@21.0.6/jdk.internal.misc.Unsafe.park(Native Method)
  java.base@21.0.6/java.util.concurrent.locks.LockSupport.parkNanos(LockSupport.java:410)
  java.base@21.0.6/java.util.concurrent.LinkedTransferQueue$DualNode.await(LinkedTransferQueue.java:452)
  java.base@21.0.6/java.util.concurrent.SynchronousQueue$Transferer.xferLifo(SynchronousQueue.java:194)
  java.base@21.0.6/java.util.concurrent.SynchronousQueue.xfer(SynchronousQueue.java:235)
  java.base@21.0.6/java.util.concurrent.SynchronousQueue.poll(SynchronousQueue.java:338)
  java.base@21.0.6/java.util.concurrent.ThreadPoolExecutor.getTask(ThreadPoolExecutor.java:1069)
  java.base@21.0.6/java.util.concurrent.ThreadPoolExecutor.runWorker(ThreadPoolExecutor.java:1130)
  java.base@21.0.6/java.util.concurrent.ThreadPoolExecutor$Worker.run(ThreadPoolExecutor.java:642)
  java.base@21.0.6/java.lang.Thread.runWith(Thread.java:1596)
  java.base@21.0.6/java.lang.Thread.run(Thread.java:1583)
  java.base@21.0.6/jdk.internal.misc.InnocuousThread.run(InnocuousThread.java:186)

Thread[#25,Thread-1,5,main]
  java.base@21.0.6/jdk.internal.misc.Unsafe.park(Native Method)
  java.base@21.0.6/java.util.concurrent.locks.LockSupport.parkNanos(LockSupport.java:269)
  java.base@21.0.6/java.util.concurrent.locks.AbstractQueuedSynchronizer$ConditionObject.awaitNanos(AbstractQueuedSynchronizer.java:1763)
  java.base@21.0.6/java.util.concurrent.LinkedBlockingDeque.pollFirst(LinkedBlockingDeque.java:515)
  java.base@21.0.6/java.util.concurrent.LinkedBlockingDeque.poll(LinkedBlockingDeque.java:677)
  app//nextflow.util.SimpleAgent.run(SimpleAgent.groovy:89)
  java.base@21.0.6/java.lang.invoke.LambdaForm$DMH/0x00007ffb781a8000.invokeVirtual(LambdaForm$DMH)
  java.base@21.0.6/java.lang.invoke.LambdaForm$MH/0x00007ffb78254000.invoke(LambdaForm$MH)
  java.base@21.0.6/java.lang.invoke.Invokers$Holder.invokeExact_MT(Invokers$Holder)
  java.base@21.0.6/jdk.internal.reflect.DirectMethodHandleAccessor.invokeImpl(DirectMethodHandleAccessor.java:153)
  java.base@21.0.6/jdk.internal.reflect.DirectMethodHandleAccessor.invoke(DirectMethodHandleAccessor.java:103)
  java.base@21.0.6/java.lang.reflect.Method.invoke(Method.java:580)
  app//org.codehaus.groovy.reflection.CachedMethod.invoke(CachedMethod.java:343)
  app//groovy.lang.MetaMethod.doMethodInvoke(MetaMethod.java:328)
  app//groovy.lang.MetaClassImpl.doInvokeMethod(MetaClassImpl.java:1333)
  app//groovy.lang.MetaClassImpl.invokeMethod(MetaClassImpl.java:1088)
  app//groovy.lang.MetaClassImpl.invokeMethodClosure(MetaClassImpl.java:1017)
  app//groovy.lang.MetaClassImpl.doInvokeMethod(MetaClassImpl.java:1207)
  app//groovy.lang.MetaClassImpl.invokeMethod(MetaClassImpl.java:1088)
  app//groovy.lang.MetaClassImpl.invokeMethod(MetaClassImpl.java:1007)
  app//groovy.lang.Closure.call(Closure.java:433)
  app//groovy.lang.Closure.call(Closure.java:412)
  app//groovy.lang.Closure.run(Closure.java:505)
  java.base@21.0.6/java.lang.Thread.runWith(Thread.java:1596)
  java.base@21.0.6/java.lang.Thread.run(Thread.java:1583)

Thread[#18,Notification Thread,9,system]

Feb-17 08:07:44.141 [TaskFinalizer-4] WARN  nextflow.util.SimpleAgent - Got an interrupted exception while taking agent result | java.lang.InterruptedException
Feb-17 08:07:44.198 [main] DEBUG nextflow.cache.CacheDB - Closing CacheDB done
Feb-17 08:07:44.312 [main] DEBUG nextflow.script.ScriptRunner - > Execution complete -- Goodbye
