Mar-01 14:57:01.806 [main] DEBUG nextflow.cli.Launcher - $> nextflow run hello-genomics.nf -resume
Mar-01 14:57:02.547 [main] DEBUG nextflow.cli.CmdRun - N E X T F L O W  ~  version 24.10.4
Mar-01 14:57:03.168 [main] DEBUG nextflow.plugin.PluginsFacade - Setting up plugin manager > mode=prod; embedded=false; plugins-dir=/home/quadjo/.nextflow/plugins; core-plugins: nf-amazon@2.9.2,nf-azure@1.10.2,nf-cloudcache@0.4.2,nf-codecommit@0.2.2,nf-console@1.1.4,nf-google@1.15.3,nf-tower@1.9.3,nf-wave@1.7.4
Mar-01 14:57:03.374 [main] INFO  o.pf4j.DefaultPluginStatusProvider - Enabled plugins: []
Mar-01 14:57:03.378 [main] INFO  o.pf4j.DefaultPluginStatusProvider - Disabled plugins: []
Mar-01 14:57:03.392 [main] INFO  org.pf4j.DefaultPluginManager - PF4J version 3.12.0 in 'deployment' mode
Mar-01 14:57:03.511 [main] INFO  org.pf4j.AbstractPluginManager - No plugins
Mar-01 14:57:04.047 [main] DEBUG nextflow.cli.CmdRun - Applied DSL=2 by global default
Mar-01 14:57:04.210 [main] DEBUG nextflow.cli.CmdRun - Launching `hello-genomics.nf` [infallible_bassi] DSL2 - revision: 2e1fb05697
Mar-01 14:57:04.217 [main] DEBUG nextflow.plugin.PluginsFacade - Plugins default=[]
Mar-01 14:57:04.219 [main] DEBUG nextflow.plugin.PluginsFacade - Plugins resolved requirement=[]
Mar-01 14:57:04.888 [main] DEBUG nextflow.Session - Session UUID: 68019045-0b1b-4e35-8051-25a6494f815a
Mar-01 14:57:04.892 [main] DEBUG nextflow.Session - Run name: infallible_bassi
Mar-01 14:57:04.895 [main] DEBUG nextflow.Session - Executor pool size: 4
Mar-01 14:57:04.953 [main] DEBUG nextflow.file.FilePorter - File porter settings maxRetries=3; maxTransfers=50; pollTimeout=null
Mar-01 14:57:04.988 [main] DEBUG nextflow.util.ThreadPoolBuilder - Creating thread pool 'FileTransfer' minSize=10; maxSize=12; workQueue=LinkedBlockingQueue[10000]; allowCoreThreadTimeout=false
Mar-01 14:57:05.344 [main] DEBUG nextflow.cli.CmdRun - 
  Version: 24.10.4 build 5934
  Created: 20-01-2025 16:47 UTC (16:47 GHST)
  System: Linux 6.8.0-52-generic
  Runtime: Groovy 4.0.23 on OpenJDK 64-Bit Server VM 11.0.26+4-post-Ubuntu-1ubuntu124.04
  Encoding: UTF-8 (UTF-8)
  Process: 19831@quadjo-HP-Laptop-15-bs0xx [127.0.1.1]
  CPUs: 4 - Mem: 5.7 GB (178.4 MB) - Swap: 4 GB (2.9 GB)
Mar-01 14:57:05.827 [main] DEBUG nextflow.Session - Work-dir: /home/quadjo/Nextflow/Hello_Nextflow/genomics/work [ext2/ext3]
Mar-01 14:57:05.830 [main] DEBUG nextflow.Session - Script base path does not exist or is not a directory: /home/quadjo/Nextflow/Hello_Nextflow/genomics/bin
Mar-01 14:57:05.957 [main] DEBUG nextflow.executor.ExecutorFactory - Extension executors providers=[]
Mar-01 14:57:06.022 [main] DEBUG nextflow.Session - Observer factory: DefaultObserverFactory
Mar-01 14:57:06.185 [main] DEBUG nextflow.cache.CacheFactory - Using Nextflow cache factory: nextflow.cache.DefaultCacheFactory
Mar-01 14:57:06.261 [main] DEBUG nextflow.util.CustomThreadPool - Creating default thread pool > poolSize: 5; maxThreads: 1000
Mar-01 14:57:07.387 [main] DEBUG nextflow.Session - Session start
Mar-01 14:57:10.793 [main] DEBUG nextflow.script.ScriptRunner - > Launching execution
Mar-01 14:57:10.845 [main] DEBUG n.secret.LocalSecretsProvider - Secrets store: /home/quadjo/.nextflow/secrets/store.json
Mar-01 14:57:10.892 [main] DEBUG nextflow.secret.SecretsLoader - Discovered secrets providers: [nextflow.secret.LocalSecretsProvider@4e245739] - activable => nextflow.secret.LocalSecretsProvider@4e245739
Mar-01 14:57:11.679 [main] DEBUG nextflow.executor.ExecutorFactory - << taskConfig executor: null
Mar-01 14:57:11.681 [main] DEBUG nextflow.executor.ExecutorFactory - >> processorType: 'local'
Mar-01 14:57:11.704 [main] DEBUG nextflow.executor.Executor - [warm up] executor > local
Mar-01 14:57:11.736 [main] DEBUG n.processor.LocalPollingMonitor - Creating local task monitor for executor 'local' > cpus=4; memory=5.7 GB; capacity=4; pollInterval=100ms; dumpInterval=5m
Mar-01 14:57:11.760 [main] DEBUG n.processor.TaskPollingMonitor - >>> barrier register (monitor: local)
Mar-01 14:57:12.261 [main] DEBUG nextflow.executor.ExecutorFactory - << taskConfig executor: null
Mar-01 14:57:12.262 [main] DEBUG nextflow.executor.ExecutorFactory - >> processorType: 'local'
Mar-01 14:57:12.301 [main] DEBUG nextflow.Session - Workflow process names [dsl2]: GATK_HAPLOTYPECALLER, SAMTOOLS_INDEX
Mar-01 14:57:12.302 [main] DEBUG nextflow.Session - Igniting dataflow network (3)
Mar-01 14:57:12.346 [main] DEBUG nextflow.processor.TaskProcessor - Starting process > SAMTOOLS_INDEX
Mar-01 14:57:12.354 [main] DEBUG nextflow.processor.TaskProcessor - Starting process > GATK_HAPLOTYPECALLER
Mar-01 14:57:12.359 [main] DEBUG nextflow.script.ScriptRunner - Parsed script files:
  Script_dd842f4355fad566: /home/quadjo/Nextflow/Hello_Nextflow/genomics/hello-genomics.nf
Mar-01 14:57:12.360 [main] DEBUG nextflow.script.ScriptRunner - > Awaiting termination 
Mar-01 14:57:12.362 [main] DEBUG nextflow.Session - Session await
Mar-01 14:57:13.469 [Actor Thread 4] INFO  nextflow.processor.TaskProcessor - [e3/e5827a] Cached process > SAMTOOLS_INDEX (1)
Mar-01 14:57:14.260 [Task submitter] DEBUG n.executor.local.LocalTaskHandler - Launch cmd line: /bin/bash -ue .command.run
Mar-01 14:57:14.337 [Task submitter] INFO  nextflow.Session - [70/d2d9f2] Submitted process > GATK_HAPLOTYPECALLER (1)
Mar-01 14:57:14.811 [Task monitor] DEBUG n.processor.TaskPollingMonitor - Task completed > TaskHandler[id: 2; name: GATK_HAPLOTYPECALLER (1); status: COMPLETED; exit: 127; error: -; workDir: /home/quadjo/Nextflow/Hello_Nextflow/genomics/work/70/d2d9f2423d5626f7f9f5b42287489d]
Mar-01 14:57:14.815 [Task monitor] DEBUG nextflow.util.ThreadPoolBuilder - Creating thread pool 'TaskFinalizer' minSize=10; maxSize=12; workQueue=LinkedBlockingQueue[10000]; allowCoreThreadTimeout=false
Mar-01 14:57:14.875 [TaskFinalizer-1] DEBUG nextflow.processor.TaskProcessor - Handling unexpected condition for
  task: name=GATK_HAPLOTYPECALLER (1); work-dir=/home/quadjo/Nextflow/Hello_Nextflow/genomics/work/70/d2d9f2423d5626f7f9f5b42287489d
  error [nextflow.exception.ProcessFailedException]: Process `GATK_HAPLOTYPECALLER (1)` terminated with an error exit status (127)
Mar-01 14:57:14.974 [TaskFinalizer-1] ERROR nextflow.processor.TaskProcessor - Error executing process > 'GATK_HAPLOTYPECALLER (1)'

Caused by:
  Process `GATK_HAPLOTYPECALLER (1)` terminated with an error exit status (127)


Command executed:

  gatk HaplotypeCaller         -R ref.fasta         -I reads_mother.bam         -O reads_mother.bam.vcf         -L intervals.bed

Command exit status:
  127

Command output:
  (empty)

Command error:
  .command.sh: line 2: gatk: command not found

Work dir:
  /home/quadjo/Nextflow/Hello_Nextflow/genomics/work/70/d2d9f2423d5626f7f9f5b42287489d

Tip: when you have fixed the problem you can continue the execution adding the option `-resume` to the run command line
Mar-01 14:57:14.990 [main] DEBUG nextflow.Session - Session await > all processes finished
Mar-01 14:57:15.018 [TaskFinalizer-1] DEBUG nextflow.Session - Session aborted -- Cause: Process `GATK_HAPLOTYPECALLER (1)` terminated with an error exit status (127)
Mar-01 14:57:15.031 [Task monitor] DEBUG n.processor.TaskPollingMonitor - <<< barrier arrives (monitor: local) - terminating tasks monitor poll loop
Mar-01 14:57:15.037 [main] DEBUG nextflow.Session - Session await > all barriers passed
Mar-01 14:57:15.132 [main] DEBUG n.trace.WorkflowStatsObserver - Workflow completed > WorkflowStats[succeededCount=0; failedCount=1; ignoredCount=0; cachedCount=1; pendingCount=0; submittedCount=0; runningCount=0; retriesCount=0; abortedCount=0; succeedDuration=0ms; failedDuration=425ms; cachedDuration=121ms;loadCpus=0; loadMemory=0; peakRunning=1; peakCpus=1; peakMemory=0; ]
Mar-01 14:57:15.211 [TaskFinalizer-1] DEBUG nextflow.Session - 
Thread[Actor Thread 5,5,main]
  java.base@11.0.26/jdk.internal.misc.Unsafe.park(Native Method)
  java.base@11.0.26/java.util.concurrent.locks.LockSupport.parkNanos(LockSupport.java:234)
  java.base@11.0.26/java.util.concurrent.SynchronousQueue$TransferStack.awaitFulfill(SynchronousQueue.java:462)
  java.base@11.0.26/java.util.concurrent.SynchronousQueue$TransferStack.transfer(SynchronousQueue.java:361)
  java.base@11.0.26/java.util.concurrent.SynchronousQueue.poll(SynchronousQueue.java:937)
  java.base@11.0.26/java.util.concurrent.ThreadPoolExecutor.getTask(ThreadPoolExecutor.java:1053)
  java.base@11.0.26/java.util.concurrent.ThreadPoolExecutor.runWorker(ThreadPoolExecutor.java:1114)
  java.base@11.0.26/java.util.concurrent.ThreadPoolExecutor$Worker.run(ThreadPoolExecutor.java:628)
  java.base@11.0.26/java.lang.Thread.run(Thread.java:829)

Thread[Finalizer,8,system]
  java.base@11.0.26/java.lang.Object.wait(Native Method)
  java.base@11.0.26/java.lang.ref.ReferenceQueue.remove(ReferenceQueue.java:155)
  java.base@11.0.26/java.lang.ref.ReferenceQueue.remove(ReferenceQueue.java:176)
  java.base@11.0.26/java.lang.ref.Finalizer$FinalizerThread.run(Finalizer.java:170)

Thread[Common-Cleaner,8,InnocuousThreadGroup]
  java.base@11.0.26/java.lang.Object.wait(Native Method)
  java.base@11.0.26/java.lang.ref.ReferenceQueue.remove(ReferenceQueue.java:155)
  java.base@11.0.26/jdk.internal.ref.CleanerImpl.run(CleanerImpl.java:148)
  java.base@11.0.26/java.lang.Thread.run(Thread.java:829)
  java.base@11.0.26/jdk.internal.misc.InnocuousThread.run(InnocuousThread.java:161)

Thread[Actor Thread 6,5,main]
  java.base@11.0.26/jdk.internal.misc.Unsafe.park(Native Method)
  java.base@11.0.26/java.util.concurrent.locks.LockSupport.parkNanos(LockSupport.java:234)
  java.base@11.0.26/java.util.concurrent.SynchronousQueue$TransferStack.awaitFulfill(SynchronousQueue.java:462)
  java.base@11.0.26/java.util.concurrent.SynchronousQueue$TransferStack.transfer(SynchronousQueue.java:361)
  java.base@11.0.26/java.util.concurrent.SynchronousQueue.poll(SynchronousQueue.java:937)
  java.base@11.0.26/java.util.concurrent.ThreadPoolExecutor.getTask(ThreadPoolExecutor.java:1053)
  java.base@11.0.26/java.util.concurrent.ThreadPoolExecutor.runWorker(ThreadPoolExecutor.java:1114)
  java.base@11.0.26/java.util.concurrent.ThreadPoolExecutor$Worker.run(ThreadPoolExecutor.java:628)
  java.base@11.0.26/java.lang.Thread.run(Thread.java:829)

Thread[AnsiLogObserver,5,main]
  java.base@11.0.26/java.lang.Object.wait(Native Method)
  app//nextflow.trace.AnsiLogObserver.render0(AnsiLogObserver.groovy:185)
  java.base@11.0.26/jdk.internal.reflect.NativeMethodAccessorImpl.invoke0(Native Method)
  java.base@11.0.26/jdk.internal.reflect.NativeMethodAccessorImpl.invoke(NativeMethodAccessorImpl.java:62)
  java.base@11.0.26/jdk.internal.reflect.DelegatingMethodAccessorImpl.invoke(DelegatingMethodAccessorImpl.java:43)
  java.base@11.0.26/java.lang.reflect.Method.invoke(Method.java:566)
  app//org.codehaus.groovy.reflection.CachedMethod.invoke(CachedMethod.java:343)
  app//groovy.lang.MetaMethod.doMethodInvoke(MetaMethod.java:328)
  app//groovy.lang.MetaClassImpl.doInvokeMethod(MetaClassImpl.java:1333)
  app//groovy.lang.MetaClassImpl.invokeMethod(MetaClassImpl.java:1088)
  app//groovy.lang.MetaClassImpl.invokeMethodClosure(MetaClassImpl.java:1017)
  app//groovy.lang.MetaClassImpl.doInvokeMethod(MetaClassImpl.java:1207)
  app//groovy.lang.MetaClassImpl.invokeMethod(MetaClassImpl.java:1088)
  app//groovy.lang.MetaClassImpl.invokeMethod(MetaClassImpl.java:1007)
  app//groovy.lang.Closure.call(Closure.java:433)
  app//groovy.lang.Closure.call(Closure.java:412)
  app//groovy.lang.Closure.run(Closure.java:505)
  java.base@11.0.26/java.lang.Thread.run(Thread.java:829)

Thread[Signal Dispatcher,9,system]

Thread[Actor Thread 1,5,main]
  java.base@11.0.26/jdk.internal.misc.Unsafe.park(Native Method)
  java.base@11.0.26/java.util.concurrent.locks.LockSupport.parkNanos(LockSupport.java:234)
  java.base@11.0.26/java.util.concurrent.SynchronousQueue$TransferStack.awaitFulfill(SynchronousQueue.java:462)
  java.base@11.0.26/java.util.concurrent.SynchronousQueue$TransferStack.transfer(SynchronousQueue.java:361)
  java.base@11.0.26/java.util.concurrent.SynchronousQueue.poll(SynchronousQueue.java:937)
  java.base@11.0.26/java.util.concurrent.ThreadPoolExecutor.getTask(ThreadPoolExecutor.java:1053)
  java.base@11.0.26/java.util.concurrent.ThreadPoolExecutor.runWorker(ThreadPoolExecutor.java:1114)
  java.base@11.0.26/java.util.concurrent.ThreadPoolExecutor$Worker.run(ThreadPoolExecutor.java:628)
  java.base@11.0.26/java.lang.Thread.run(Thread.java:829)

Thread[Thread-1,5,main]
  java.base@11.0.26/jdk.internal.misc.Unsafe.park(Native Method)
  java.base@11.0.26/java.util.concurrent.locks.LockSupport.parkNanos(LockSupport.java:234)
  java.base@11.0.26/java.util.concurrent.locks.AbstractQueuedSynchronizer$ConditionObject.awaitNanos(AbstractQueuedSynchronizer.java:2123)
  java.base@11.0.26/java.util.concurrent.LinkedBlockingDeque.pollFirst(LinkedBlockingDeque.java:513)
  java.base@11.0.26/java.util.concurrent.LinkedBlockingDeque.poll(LinkedBlockingDeque.java:675)
  app//nextflow.util.SimpleAgent.run(SimpleAgent.groovy:89)
  java.base@11.0.26/jdk.internal.reflect.NativeMethodAccessorImpl.invoke0(Native Method)
  java.base@11.0.26/jdk.internal.reflect.NativeMethodAccessorImpl.invoke(NativeMethodAccessorImpl.java:62)
  java.base@11.0.26/jdk.internal.reflect.DelegatingMethodAccessorImpl.invoke(DelegatingMethodAccessorImpl.java:43)
  java.base@11.0.26/java.lang.reflect.Method.invoke(Method.java:566)
  app//org.codehaus.groovy.reflection.CachedMethod.invoke(CachedMethod.java:343)
  app//groovy.lang.MetaMethod.doMethodInvoke(MetaMethod.java:328)
  app//groovy.lang.MetaClassImpl.doInvokeMethod(MetaClassImpl.java:1333)
  app//groovy.lang.MetaClassImpl.invokeMethod(MetaClassImpl.java:1088)
  app//groovy.lang.MetaClassImpl.invokeMethodClosure(MetaClassImpl.java:1017)
  app//groovy.lang.MetaClassImpl.doInvokeMethod(MetaClassImpl.java:1207)
  app//groovy.lang.MetaClassImpl.invokeMethod(MetaClassImpl.java:1088)
  app//groovy.lang.MetaClassImpl.invokeMethod(MetaClassImpl.java:1007)
  app//groovy.lang.Closure.call(Closure.java:433)
  app//groovy.lang.Closure.call(Closure.java:412)
  app//groovy.lang.Closure.run(Closure.java:505)
  java.base@11.0.26/java.lang.Thread.run(Thread.java:829)

Thread[process reaper,10,system]
  java.base@11.0.26/jdk.internal.misc.Unsafe.park(Native Method)
  java.base@11.0.26/java.util.concurrent.locks.LockSupport.parkNanos(LockSupport.java:234)
  java.base@11.0.26/java.util.concurrent.SynchronousQueue$TransferStack.awaitFulfill(SynchronousQueue.java:462)
  java.base@11.0.26/java.util.concurrent.SynchronousQueue$TransferStack.transfer(SynchronousQueue.java:361)
  java.base@11.0.26/java.util.concurrent.SynchronousQueue.poll(SynchronousQueue.java:937)
  java.base@11.0.26/java.util.concurrent.ThreadPoolExecutor.getTask(ThreadPoolExecutor.java:1053)
  java.base@11.0.26/java.util.concurrent.ThreadPoolExecutor.runWorker(ThreadPoolExecutor.java:1114)
  java.base@11.0.26/java.util.concurrent.ThreadPoolExecutor$Worker.run(ThreadPoolExecutor.java:628)
  java.base@11.0.26/java.lang.Thread.run(Thread.java:829)

Thread[Actor Thread 3,5,main]
  java.base@11.0.26/jdk.internal.misc.Unsafe.park(Native Method)
  java.base@11.0.26/java.util.concurrent.locks.LockSupport.parkNanos(LockSupport.java:234)
  java.base@11.0.26/java.util.concurrent.SynchronousQueue$TransferStack.awaitFulfill(SynchronousQueue.java:462)
  java.base@11.0.26/java.util.concurrent.SynchronousQueue$TransferStack.transfer(SynchronousQueue.java:361)
  java.base@11.0.26/java.util.concurrent.SynchronousQueue.poll(SynchronousQueue.java:937)
  java.base@11.0.26/java.util.concurrent.ThreadPoolExecutor.getTask(ThreadPoolExecutor.java:1053)
  java.base@11.0.26/java.util.concurrent.ThreadPoolExecutor.runWorker(ThreadPoolExecutor.java:1114)
  java.base@11.0.26/java.util.concurrent.ThreadPoolExecutor$Worker.run(ThreadPoolExecutor.java:628)
  java.base@11.0.26/java.lang.Thread.run(Thread.java:829)

Thread[Actor Thread 4,5,main]
  java.base@11.0.26/jdk.internal.misc.Unsafe.park(Native Method)
  java.base@11.0.26/java.util.concurrent.locks.LockSupport.parkNanos(LockSupport.java:234)
  java.base@11.0.26/java.util.concurrent.SynchronousQueue$TransferStack.awaitFulfill(SynchronousQueue.java:462)
  java.base@11.0.26/java.util.concurrent.SynchronousQueue$TransferStack.transfer(SynchronousQueue.java:361)
  java.base@11.0.26/java.util.concurrent.SynchronousQueue.poll(SynchronousQueue.java:937)
  java.base@11.0.26/java.util.concurrent.ThreadPoolExecutor.getTask(ThreadPoolExecutor.java:1053)
  java.base@11.0.26/java.util.concurrent.ThreadPoolExecutor.runWorker(ThreadPoolExecutor.java:1114)
  java.base@11.0.26/java.util.concurrent.ThreadPoolExecutor$Worker.run(ThreadPoolExecutor.java:628)
  java.base@11.0.26/java.lang.Thread.run(Thread.java:829)

Thread[Actor Thread 2,5,main]
  java.base@11.0.26/jdk.internal.misc.Unsafe.park(Native Method)
  java.base@11.0.26/java.util.concurrent.locks.LockSupport.parkNanos(LockSupport.java:234)
  java.base@11.0.26/java.util.concurrent.SynchronousQueue$TransferStack.awaitFulfill(SynchronousQueue.java:462)
  java.base@11.0.26/java.util.concurrent.SynchronousQueue$TransferStack.transfer(SynchronousQueue.java:361)
  java.base@11.0.26/java.util.concurrent.SynchronousQueue.poll(SynchronousQueue.java:937)
  java.base@11.0.26/java.util.concurrent.ThreadPoolExecutor.getTask(ThreadPoolExecutor.java:1053)
  java.base@11.0.26/java.util.concurrent.ThreadPoolExecutor.runWorker(ThreadPoolExecutor.java:1114)
  java.base@11.0.26/java.util.concurrent.ThreadPoolExecutor$Worker.run(ThreadPoolExecutor.java:628)
  java.base@11.0.26/java.lang.Thread.run(Thread.java:829)

Thread[PathVisitor-1,5,main]
  java.base@11.0.26/jdk.internal.misc.Unsafe.park(Native Method)
  java.base@11.0.26/java.util.concurrent.locks.LockSupport.parkNanos(LockSupport.java:234)
  java.base@11.0.26/java.util.concurrent.SynchronousQueue$TransferStack.awaitFulfill(SynchronousQueue.java:462)
  java.base@11.0.26/java.util.concurrent.SynchronousQueue$TransferStack.transfer(SynchronousQueue.java:361)
  java.base@11.0.26/java.util.concurrent.SynchronousQueue.poll(SynchronousQueue.java:937)
  java.base@11.0.26/java.util.concurrent.ThreadPoolExecutor.getTask(ThreadPoolExecutor.java:1053)
  java.base@11.0.26/java.util.concurrent.ThreadPoolExecutor.runWorker(ThreadPoolExecutor.java:1114)
  java.base@11.0.26/java.util.concurrent.ThreadPoolExecutor$Worker.run(ThreadPoolExecutor.java:628)
  java.base@11.0.26/java.lang.Thread.run(Thread.java:829)

Thread[Reference Handler,10,system]
  java.base@11.0.26/java.lang.ref.Reference.waitForReferencePendingList(Native Method)
  java.base@11.0.26/java.lang.ref.Reference.processPendingReferences(Reference.java:241)
  java.base@11.0.26/java.lang.ref.Reference$ReferenceHandler.run(Reference.java:213)

Thread[process reaper,10,system]
  java.base@11.0.26/jdk.internal.misc.Unsafe.park(Native Method)
  java.base@11.0.26/java.util.concurrent.locks.LockSupport.parkNanos(LockSupport.java:234)
  java.base@11.0.26/java.util.concurrent.SynchronousQueue$TransferStack.awaitFulfill(SynchronousQueue.java:462)
  java.base@11.0.26/java.util.concurrent.SynchronousQueue$TransferStack.transfer(SynchronousQueue.java:361)
  java.base@11.0.26/java.util.concurrent.SynchronousQueue.poll(SynchronousQueue.java:937)
  java.base@11.0.26/java.util.concurrent.ThreadPoolExecutor.getTask(ThreadPoolExecutor.java:1053)
  java.base@11.0.26/java.util.concurrent.ThreadPoolExecutor.runWorker(ThreadPoolExecutor.java:1114)
  java.base@11.0.26/java.util.concurrent.ThreadPoolExecutor$Worker.run(ThreadPoolExecutor.java:628)
  java.base@11.0.26/java.lang.Thread.run(Thread.java:829)

Thread[main,5,main]
  java.base@11.0.26/java.lang.Object.wait(Native Method)
  java.base@11.0.26/java.lang.Thread.join(Thread.java:1300)
  java.base@11.0.26/java.lang.Thread.join(Thread.java:1375)
  app//nextflow.trace.AnsiLogObserver.onFlowComplete(AnsiLogObserver.groovy:506)
  app//nextflow.Session.notifyFlowComplete(Session.groovy:1155)
  app//nextflow.Session.shutdown0(Session.groovy:749)
  app//nextflow.Session.destroy(Session.groovy:694)
  app//nextflow.script.ScriptRunner.shutdown(ScriptRunner.groovy:260)
  app//nextflow.script.ScriptRunner.execute(ScriptRunner.groovy:146)
  app//nextflow.cli.CmdRun.run(CmdRun.groovy:376)
  app//nextflow.cli.Launcher.run(Launcher.groovy:503)
  app//nextflow.cli.Launcher.main(Launcher.groovy:658)

Thread[pool-2-thread-1,5,main]
  java.base@11.0.26/jdk.internal.misc.Unsafe.park(Native Method)
  java.base@11.0.26/java.util.concurrent.locks.LockSupport.park(LockSupport.java:194)
  java.base@11.0.26/java.util.concurrent.locks.AbstractQueuedSynchronizer$ConditionObject.await(AbstractQueuedSynchronizer.java:2081)
  java.base@11.0.26/java.util.concurrent.LinkedBlockingQueue.take(LinkedBlockingQueue.java:433)
  java.base@11.0.26/java.util.concurrent.ThreadPoolExecutor.getTask(ThreadPoolExecutor.java:1054)
  java.base@11.0.26/java.util.concurrent.ThreadPoolExecutor.runWorker(ThreadPoolExecutor.java:1114)
  java.base@11.0.26/java.util.concurrent.ThreadPoolExecutor$Worker.run(ThreadPoolExecutor.java:628)
  java.base@11.0.26/java.lang.Thread.run(Thread.java:829)

Thread[TaskFinalizer-1,5,main]
  java.base@11.0.26/java.lang.Thread.dumpThreads(Native Method)
  java.base@11.0.26/java.lang.Thread.getAllStackTraces(Thread.java:1653)
  app//nextflow.util.SysHelper.dumpThreads(SysHelper.groovy:188)
  app//nextflow.Session.abort(Session.groovy:800)
  app//nextflow.Session.fault(Session.groovy:766)
  app//nextflow.processor.TaskPollingMonitor.finalizeTask(TaskPollingMonitor.groovy:695)
  app//nextflow.processor.TaskPollingMonitor.safeFinalizeTask(TaskPollingMonitor.groovy:678)
  java.base@11.0.26/jdk.internal.reflect.NativeMethodAccessorImpl.invoke0(Native Method)
  java.base@11.0.26/jdk.internal.reflect.NativeMethodAccessorImpl.invoke(NativeMethodAccessorImpl.java:62)
  java.base@11.0.26/jdk.internal.reflect.DelegatingMethodAccessorImpl.invoke(DelegatingMethodAccessorImpl.java:43)
  java.base@11.0.26/java.lang.reflect.Method.invoke(Method.java:566)
  app//org.codehaus.groovy.reflection.CachedMethod.invoke(CachedMethod.java:343)
  app//groovy.lang.MetaMethod.doMethodInvoke(MetaMethod.java:328)
  app//groovy.lang.MetaClassImpl.doInvokeMethod(MetaClassImpl.java:1333)
  app//groovy.lang.MetaClassImpl.invokeMethod(MetaClassImpl.java:1088)
  app//groovy.lang.MetaClassImpl.invokeMethod(MetaClassImpl.java:1007)
  app//org.codehaus.groovy.runtime.InvokerHelper.invokePogoMethod(InvokerHelper.java:645)
  app//org.codehaus.groovy.runtime.InvokerHelper.invokeMethod(InvokerHelper.java:628)
  app//org.codehaus.groovy.runtime.InvokerHelper.invokeMethodSafe(InvokerHelper.java:82)
  app//nextflow.processor.TaskPollingMonitor$_checkTaskStatus_lambda8.doCall(TaskPollingMonitor.groovy:668)
  app//nextflow.processor.TaskPollingMonitor$$Lambda$403/0x00000008404ac040.run(Unknown Source)
  java.base@11.0.26/java.util.concurrent.Executors$RunnableAdapter.call(Executors.java:515)
  java.base@11.0.26/java.util.concurrent.FutureTask.run(FutureTask.java:264)
  java.base@11.0.26/java.util.concurrent.ThreadPoolExecutor.runWorker(ThreadPoolExecutor.java:1128)
  java.base@11.0.26/java.util.concurrent.ThreadPoolExecutor$Worker.run(ThreadPoolExecutor.java:628)
  java.base@11.0.26/java.lang.Thread.run(Thread.java:829)

Thread[Task submitter,5,main]
  java.base@11.0.26/jdk.internal.misc.Unsafe.park(Native Method)
  java.base@11.0.26/java.util.concurrent.locks.LockSupport.park(LockSupport.java:194)
  java.base@11.0.26/java.util.concurrent.locks.AbstractQueuedSynchronizer$ConditionObject.await(AbstractQueuedSynchronizer.java:2081)
  app//nextflow.processor.TaskPollingMonitor.awaitTasks(TaskPollingMonitor.groovy:388)
  app//nextflow.processor.TaskPollingMonitor.submitLoop(TaskPollingMonitor.groovy:412)
  java.base@11.0.26/jdk.internal.reflect.NativeMethodAccessorImpl.invoke0(Native Method)
  java.base@11.0.26/jdk.internal.reflect.NativeMethodAccessorImpl.invoke(NativeMethodAccessorImpl.java:62)
  java.base@11.0.26/jdk.internal.reflect.DelegatingMethodAccessorImpl.invoke(DelegatingMethodAccessorImpl.java:43)
  java.base@11.0.26/java.lang.reflect.Method.invoke(Method.java:566)
  app//org.codehaus.groovy.reflection.CachedMethod.invoke(CachedMethod.java:343)
  app//groovy.lang.MetaMethod.doMethodInvoke(MetaMethod.java:328)
  app//groovy.lang.MetaClassImpl.doInvokeMethod(MetaClassImpl.java:1333)
  app//groovy.lang.MetaClassImpl.invokeMethod(MetaClassImpl.java:1088)
  app//groovy.lang.MetaClassImpl.invokeMethodClosure(MetaClassImpl.java:1017)
  app//groovy.lang.MetaClassImpl.doInvokeMethod(MetaClassImpl.java:1207)
  app//groovy.lang.MetaClassImpl.invokeMethod(MetaClassImpl.java:1088)
  app//groovy.lang.MetaClassImpl.invokeMethod(MetaClassImpl.java:1007)
  app//groovy.lang.Closure.call(Closure.java:433)
  app//groovy.lang.Closure.call(Closure.java:412)
  app//groovy.lang.Closure.run(Closure.java:505)
  java.base@11.0.26/java.lang.Thread.run(Thread.java:829)

Mar-01 14:57:15.215 [TaskFinalizer-1] WARN  nextflow.util.SimpleAgent - Got an interrupted exception while taking agent result | java.lang.InterruptedException
Mar-01 14:57:15.277 [main] DEBUG nextflow.cache.CacheDB - Closing CacheDB done
Mar-01 14:57:15.553 [main] DEBUG nextflow.script.ScriptRunner - > Execution complete -- Goodbye
