Feb-09 17:17:42.484 [main] DEBUG nextflow.cli.Launcher - $> nextflow run hello-containers.nf
Feb-09 17:17:43.371 [main] DEBUG nextflow.cli.CmdRun - N E X T F L O W  ~  version 24.10.4
Feb-09 17:17:43.859 [main] DEBUG nextflow.plugin.PluginsFacade - Setting up plugin manager > mode=prod; embedded=false; plugins-dir=/home/quadjo/.nextflow/plugins; core-plugins: nf-amazon@2.9.2,nf-azure@1.10.2,nf-cloudcache@0.4.2,nf-codecommit@0.2.2,nf-console@1.1.4,nf-google@1.15.3,nf-tower@1.9.3,nf-wave@1.7.4
Feb-09 17:17:44.146 [main] INFO  o.pf4j.DefaultPluginStatusProvider - Enabled plugins: []
Feb-09 17:17:44.150 [main] INFO  o.pf4j.DefaultPluginStatusProvider - Disabled plugins: []
Feb-09 17:17:44.164 [main] INFO  org.pf4j.DefaultPluginManager - PF4J version 3.12.0 in 'deployment' mode
Feb-09 17:17:44.274 [main] INFO  org.pf4j.AbstractPluginManager - No plugins
Feb-09 17:17:44.741 [main] DEBUG nextflow.cli.CmdRun - Applied DSL=2 by global default
Feb-09 17:17:44.899 [main] DEBUG nextflow.cli.CmdRun - Launching `hello-containers.nf` [nice_bohr] DSL2 - revision: 76e1ef2dfd
Feb-09 17:17:44.906 [main] DEBUG nextflow.plugin.PluginsFacade - Plugins default=[]
Feb-09 17:17:44.909 [main] DEBUG nextflow.plugin.PluginsFacade - Plugins resolved requirement=[]
Feb-09 17:17:45.368 [main] DEBUG nextflow.Session - Session UUID: bbbac66d-494d-4ba8-8906-3c300cd39c89
Feb-09 17:17:45.370 [main] DEBUG nextflow.Session - Run name: nice_bohr
Feb-09 17:17:45.373 [main] DEBUG nextflow.Session - Executor pool size: 4
Feb-09 17:17:45.446 [main] DEBUG nextflow.file.FilePorter - File porter settings maxRetries=3; maxTransfers=50; pollTimeout=null
Feb-09 17:17:45.481 [main] DEBUG nextflow.util.ThreadPoolBuilder - Creating thread pool 'FileTransfer' minSize=10; maxSize=12; workQueue=LinkedBlockingQueue[10000]; allowCoreThreadTimeout=false
Feb-09 17:17:45.796 [main] DEBUG nextflow.cli.CmdRun - 
  Version: 24.10.4 build 5934
  Created: 20-01-2025 16:47 UTC (16:47 GHST)
  System: Linux 6.8.0-52-generic
  Runtime: Groovy 4.0.23 on OpenJDK 64-Bit Server VM 21.0.6+7-Ubuntu-124.04.1
  Encoding: UTF-8 (UTF-8)
  Process: 14098@quadjo-HP-Laptop-15-bs0xx [127.0.1.1]
  CPUs: 4 - Mem: 5.7 GB (157.1 MB) - Swap: 4 GB (2.9 GB)
Feb-09 17:17:45.985 [main] DEBUG nextflow.Session - Work-dir: /home/quadjo/Nextflow/Hello_Nextflow/work [ext2/ext3]
Feb-09 17:17:45.988 [main] DEBUG nextflow.Session - Script base path does not exist or is not a directory: /home/quadjo/Nextflow/Hello_Nextflow/bin
Feb-09 17:17:46.075 [main] DEBUG nextflow.executor.ExecutorFactory - Extension executors providers=[]
Feb-09 17:17:46.134 [main] DEBUG nextflow.Session - Observer factory: DefaultObserverFactory
Feb-09 17:17:46.306 [main] DEBUG nextflow.cache.CacheFactory - Using Nextflow cache factory: nextflow.cache.DefaultCacheFactory
Feb-09 17:17:46.380 [main] DEBUG nextflow.util.CustomThreadPool - Creating default thread pool > poolSize: 5; maxThreads: 1000
Feb-09 17:17:47.015 [main] DEBUG nextflow.Session - Session start
Feb-09 17:17:50.496 [main] DEBUG nextflow.script.ScriptRunner - > Launching execution
Feb-09 17:17:50.574 [main] DEBUG n.secret.LocalSecretsProvider - Secrets store: /home/quadjo/.nextflow/secrets/store.json
Feb-09 17:17:50.664 [main] DEBUG nextflow.secret.SecretsLoader - Discovered secrets providers: [nextflow.secret.LocalSecretsProvider@61bb1e4d] - activable => nextflow.secret.LocalSecretsProvider@61bb1e4d
Feb-09 17:17:51.402 [main] DEBUG nextflow.executor.ExecutorFactory - << taskConfig executor: null
Feb-09 17:17:51.404 [main] DEBUG nextflow.executor.ExecutorFactory - >> processorType: 'local'
Feb-09 17:17:51.431 [main] DEBUG nextflow.executor.Executor - [warm up] executor > local
Feb-09 17:17:51.477 [main] DEBUG n.processor.LocalPollingMonitor - Creating local task monitor for executor 'local' > cpus=4; memory=5.7 GB; capacity=4; pollInterval=100ms; dumpInterval=5m
Feb-09 17:17:51.503 [main] DEBUG n.processor.TaskPollingMonitor - >>> barrier register (monitor: local)
Feb-09 17:17:51.861 [main] DEBUG nextflow.executor.ExecutorFactory - << taskConfig executor: null
Feb-09 17:17:51.862 [main] DEBUG nextflow.executor.ExecutorFactory - >> processorType: 'local'
Feb-09 17:17:51.882 [main] DEBUG nextflow.Session - Workflow process names [dsl2]: sayHello, cowSay
Feb-09 17:17:51.885 [main] DEBUG nextflow.Session - Igniting dataflow network (3)
Feb-09 17:17:51.967 [main] DEBUG nextflow.processor.TaskProcessor - Starting process > sayHello
Feb-09 17:17:51.969 [main] DEBUG nextflow.processor.TaskProcessor - Starting process > cowSay
Feb-09 17:17:51.974 [main] DEBUG nextflow.script.ScriptRunner - Parsed script files:
  Script_0c23737fbeed023c: /home/quadjo/Nextflow/Hello_Nextflow/hello-containers.nf
Feb-09 17:17:51.975 [main] DEBUG nextflow.script.ScriptRunner - > Awaiting termination 
Feb-09 17:17:51.975 [main] DEBUG nextflow.Session - Session await
Feb-09 17:17:52.923 [Task submitter] DEBUG n.executor.local.LocalTaskHandler - Launch cmd line: /bin/bash -ue .command.run
Feb-09 17:17:52.950 [Task submitter] INFO  nextflow.Session - [d5/b038a4] Submitted process > sayHello (2)
Feb-09 17:17:53.003 [Task submitter] DEBUG n.executor.local.LocalTaskHandler - Launch cmd line: /bin/bash -ue .command.run
Feb-09 17:17:53.007 [Task submitter] INFO  nextflow.Session - [1b/e47353] Submitted process > sayHello (1)
Feb-09 17:17:53.047 [Task submitter] DEBUG n.executor.local.LocalTaskHandler - Launch cmd line: /bin/bash -ue .command.run
Feb-09 17:17:53.051 [Task submitter] INFO  nextflow.Session - [25/e55d17] Submitted process > sayHello (3)
Feb-09 17:17:53.189 [Task monitor] DEBUG n.processor.TaskPollingMonitor - Task completed > TaskHandler[id: 2; name: sayHello (2); status: COMPLETED; exit: 0; error: -; workDir: /home/quadjo/Nextflow/Hello_Nextflow/work/d5/b038a42b72ec38704273a4d2d8465d]
Feb-09 17:17:53.194 [Task monitor] DEBUG nextflow.util.ThreadPoolBuilder - Creating thread pool 'TaskFinalizer' minSize=10; maxSize=12; workQueue=LinkedBlockingQueue[10000]; allowCoreThreadTimeout=false
Feb-09 17:17:53.212 [Task monitor] DEBUG n.processor.TaskPollingMonitor - Task completed > TaskHandler[id: 1; name: sayHello (1); status: COMPLETED; exit: 0; error: -; workDir: /home/quadjo/Nextflow/Hello_Nextflow/work/1b/e473533caa66da98194efae4c2d325]
Feb-09 17:17:53.221 [Task monitor] DEBUG n.processor.TaskPollingMonitor - Task completed > TaskHandler[id: 3; name: sayHello (3); status: COMPLETED; exit: 0; error: -; workDir: /home/quadjo/Nextflow/Hello_Nextflow/work/25/e55d1790db19592dabbd14ea09cb22]
Feb-09 17:17:53.567 [TaskFinalizer-2] DEBUG nextflow.util.ThreadPoolBuilder - Creating thread pool 'PublishDir' minSize=10; maxSize=12; workQueue=LinkedBlockingQueue[10000]; allowCoreThreadTimeout=false
Feb-09 17:17:54.058 [Task submitter] DEBUG n.executor.local.LocalTaskHandler - Launch cmd line: /bin/bash -ue .command.run
Feb-09 17:17:54.064 [Task submitter] INFO  nextflow.Session - [78/4a78ef] Submitted process > cowSay (1)
Feb-09 17:17:54.116 [Task submitter] DEBUG n.executor.local.LocalTaskHandler - Launch cmd line: /bin/bash -ue .command.run
Feb-09 17:17:54.119 [Task submitter] INFO  nextflow.Session - [dc/1500f2] Submitted process > cowSay (2)
Feb-09 17:17:54.188 [Task submitter] DEBUG n.executor.local.LocalTaskHandler - Launch cmd line: /bin/bash -ue .command.run
Feb-09 17:17:54.198 [Task submitter] INFO  nextflow.Session - [8c/27610e] Submitted process > cowSay (3)
Feb-09 17:17:54.435 [Task monitor] DEBUG n.processor.TaskPollingMonitor - Task completed > TaskHandler[id: 4; name: cowSay (1); status: COMPLETED; exit: 127; error: -; workDir: /home/quadjo/Nextflow/Hello_Nextflow/work/78/4a78ef9ce92c2ab7be5a2584059806]
Feb-09 17:17:54.441 [Task monitor] DEBUG n.processor.TaskPollingMonitor - Task completed > TaskHandler[id: 5; name: cowSay (2); status: COMPLETED; exit: 127; error: -; workDir: /home/quadjo/Nextflow/Hello_Nextflow/work/dc/1500f2fcdc1d97812dfa7eb4ae279c]
Feb-09 17:17:54.448 [Task monitor] DEBUG n.processor.TaskPollingMonitor - Task completed > TaskHandler[id: 6; name: cowSay (3); status: COMPLETED; exit: 127; error: -; workDir: /home/quadjo/Nextflow/Hello_Nextflow/work/8c/27610e10581efdbcd7ff585b7af462]
Feb-09 17:17:54.484 [TaskFinalizer-5] DEBUG nextflow.processor.TaskProcessor - Handling unexpected condition for
  task: name=cowSay (2); work-dir=/home/quadjo/Nextflow/Hello_Nextflow/work/dc/1500f2fcdc1d97812dfa7eb4ae279c
  error [nextflow.exception.ProcessFailedException]: Process `cowSay (2)` terminated with an error exit status (127)
Feb-09 17:17:54.589 [TaskFinalizer-5] ERROR nextflow.processor.TaskProcessor - Error executing process > 'cowSay (2)'

Caused by:
  Process `cowSay (2)` terminated with an error exit status (127)


Command executed:

  cowsay -c "cow" -t "$(cat output-Bonjour.txt)" > cowsay-output-Bonjour.txt

Command exit status:
  127

Command output:
  (empty)

Command error:
  .command.sh: line 2: cowsay: command not found

Work dir:
  /home/quadjo/Nextflow/Hello_Nextflow/work/dc/1500f2fcdc1d97812dfa7eb4ae279c

Tip: when you have fixed the problem you can continue the execution adding the option `-resume` to the run command line
Feb-09 17:17:54.604 [TaskFinalizer-6] DEBUG nextflow.processor.TaskProcessor - Handling unexpected condition for
  task: name=cowSay (3); work-dir=/home/quadjo/Nextflow/Hello_Nextflow/work/8c/27610e10581efdbcd7ff585b7af462
  error [nextflow.exception.ProcessFailedException]: Process `cowSay (3)` terminated with an error exit status (127)
Feb-09 17:17:54.613 [TaskFinalizer-4] DEBUG nextflow.processor.TaskProcessor - Handling unexpected condition for
  task: name=cowSay (1); work-dir=/home/quadjo/Nextflow/Hello_Nextflow/work/78/4a78ef9ce92c2ab7be5a2584059806
  error [nextflow.exception.ProcessFailedException]: Process `cowSay (1)` terminated with an error exit status (127)
Feb-09 17:17:54.624 [main] DEBUG nextflow.Session - Session await > all processes finished
Feb-09 17:17:54.626 [TaskFinalizer-5] DEBUG nextflow.Session - Session aborted -- Cause: Process `cowSay (2)` terminated with an error exit status (127)
Feb-09 17:17:54.656 [Task monitor] DEBUG n.processor.TaskPollingMonitor - <<< barrier arrives (monitor: local) - terminating tasks monitor poll loop
Feb-09 17:17:54.661 [main] DEBUG nextflow.Session - Session await > all barriers passed
Feb-09 17:17:54.798 [main] DEBUG n.trace.WorkflowStatsObserver - Workflow completed > WorkflowStats[succeededCount=3; failedCount=3; ignoredCount=0; cachedCount=0; pendingCount=0; submittedCount=0; runningCount=0; retriesCount=0; abortedCount=0; succeedDuration=37ms; failedDuration=826ms; cachedDuration=0ms;loadCpus=0; loadMemory=0; peakRunning=3; peakCpus=3; peakMemory=0; ]
Feb-09 17:17:54.828 [TaskFinalizer-5] DEBUG nextflow.Session - 
Thread[#10,Finalizer,8,system]
  java.base@21.0.6/java.lang.Object.wait0(Native Method)
  java.base@21.0.6/java.lang.Object.wait(Object.java:366)
  java.base@21.0.6/java.lang.Object.wait(Object.java:339)
  java.base@21.0.6/java.lang.ref.NativeReferenceQueue.await(NativeReferenceQueue.java:48)
  java.base@21.0.6/java.lang.ref.ReferenceQueue.remove0(ReferenceQueue.java:158)
  java.base@21.0.6/java.lang.ref.NativeReferenceQueue.remove(NativeReferenceQueue.java:89)
  java.base@21.0.6/java.lang.ref.Finalizer$FinalizerThread.run(Finalizer.java:173)

Thread[#33,Actor Thread 4,5,main]
  java.base@21.0.6/jdk.internal.misc.Unsafe.park(Native Method)
  java.base@21.0.6/java.util.concurrent.locks.LockSupport.parkNanos(LockSupport.java:410)
  java.base@21.0.6/java.util.concurrent.LinkedTransferQueue$DualNode.await(LinkedTransferQueue.java:452)
  java.base@21.0.6/java.util.concurrent.SynchronousQueue$Transferer.xferLifo(SynchronousQueue.java:194)
  java.base@21.0.6/java.util.concurrent.SynchronousQueue.xfer(SynchronousQueue.java:235)
  java.base@21.0.6/java.util.concurrent.SynchronousQueue.poll(SynchronousQueue.java:338)
  java.base@21.0.6/java.util.concurrent.ThreadPoolExecutor.getTask(ThreadPoolExecutor.java:1069)
  java.base@21.0.6/java.util.concurrent.ThreadPoolExecutor.runWorker(ThreadPoolExecutor.java:1130)
  java.base@21.0.6/java.util.concurrent.ThreadPoolExecutor$Worker.run(ThreadPoolExecutor.java:642)
  java.base@21.0.6/java.lang.Thread.runWith(Thread.java:1596)
  java.base@21.0.6/java.lang.Thread.run(Thread.java:1583)

Thread[#17,Common-Cleaner,8,InnocuousThreadGroup]
  java.base@21.0.6/jdk.internal.misc.Unsafe.park(Native Method)
  java.base@21.0.6/java.util.concurrent.locks.LockSupport.parkNanos(LockSupport.java:269)
  java.base@21.0.6/java.util.concurrent.locks.AbstractQueuedSynchronizer$ConditionObject.await(AbstractQueuedSynchronizer.java:1852)
  java.base@21.0.6/java.lang.ref.ReferenceQueue.await(ReferenceQueue.java:71)
  java.base@21.0.6/java.lang.ref.ReferenceQueue.remove0(ReferenceQueue.java:143)
  java.base@21.0.6/java.lang.ref.ReferenceQueue.remove(ReferenceQueue.java:218)
  java.base@21.0.6/jdk.internal.ref.CleanerImpl.run(CleanerImpl.java:140)
  java.base@21.0.6/java.lang.Thread.runWith(Thread.java:1596)
  java.base@21.0.6/java.lang.Thread.run(Thread.java:1583)
  java.base@21.0.6/jdk.internal.misc.InnocuousThread.run(InnocuousThread.java:186)

Thread[#46,Actor Thread 6,5,main]
  java.base@21.0.6/jdk.internal.misc.Unsafe.park(Native Method)
  java.base@21.0.6/java.util.concurrent.locks.LockSupport.parkNanos(LockSupport.java:410)
  java.base@21.0.6/java.util.concurrent.LinkedTransferQueue$DualNode.await(LinkedTransferQueue.java:452)
  java.base@21.0.6/java.util.concurrent.SynchronousQueue$Transferer.xferLifo(SynchronousQueue.java:194)
  java.base@21.0.6/java.util.concurrent.SynchronousQueue.xfer(SynchronousQueue.java:235)
  java.base@21.0.6/java.util.concurrent.SynchronousQueue.poll(SynchronousQueue.java:338)
  java.base@21.0.6/java.util.concurrent.ThreadPoolExecutor.getTask(ThreadPoolExecutor.java:1069)
  java.base@21.0.6/java.util.concurrent.ThreadPoolExecutor.runWorker(ThreadPoolExecutor.java:1130)
  java.base@21.0.6/java.util.concurrent.ThreadPoolExecutor$Worker.run(ThreadPoolExecutor.java:642)
  java.base@21.0.6/java.lang.Thread.runWith(Thread.java:1596)
  java.base@21.0.6/java.lang.Thread.run(Thread.java:1583)

Thread[#49,process reaper,10,InnocuousThreadGroup]
  java.base@21.0.6/jdk.internal.misc.Unsafe.park(Native Method)
  java.base@21.0.6/java.util.concurrent.locks.LockSupport.parkNanos(LockSupport.java:410)
  java.base@21.0.6/java.util.concurrent.LinkedTransferQueue$DualNode.await(LinkedTransferQueue.java:452)
  java.base@21.0.6/java.util.concurrent.SynchronousQueue$Transferer.xferLifo(SynchronousQueue.java:194)
  java.base@21.0.6/java.util.concurrent.SynchronousQueue.xfer(SynchronousQueue.java:235)
  java.base@21.0.6/java.util.concurrent.SynchronousQueue.poll(SynchronousQueue.java:338)
  java.base@21.0.6/java.util.concurrent.ThreadPoolExecutor.getTask(ThreadPoolExecutor.java:1069)
  java.base@21.0.6/java.util.concurrent.ThreadPoolExecutor.runWorker(ThreadPoolExecutor.java:1130)
  java.base@21.0.6/java.util.concurrent.ThreadPoolExecutor$Worker.run(ThreadPoolExecutor.java:642)
  java.base@21.0.6/java.lang.Thread.runWith(Thread.java:1596)
  java.base@21.0.6/java.lang.Thread.run(Thread.java:1583)
  java.base@21.0.6/jdk.internal.misc.InnocuousThread.run(InnocuousThread.java:186)

Thread[#26,AnsiLogObserver,5,main]
  java.base@21.0.6/java.lang.Object.wait0(Native Method)
  java.base@21.0.6/java.lang.Object.wait(Object.java:366)
  app//nextflow.trace.AnsiLogObserver.render0(AnsiLogObserver.groovy:185)
  java.base@21.0.6/java.lang.invoke.DirectMethodHandle$Holder.invokeVirtual(DirectMethodHandle$Holder)
  java.base@21.0.6/java.lang.invoke.LambdaForm$MH/0x0000717c40281400.invoke(LambdaForm$MH)
  java.base@21.0.6/java.lang.invoke.Invokers$Holder.invokeExact_MT(Invokers$Holder)
  java.base@21.0.6/jdk.internal.reflect.DirectMethodHandleAccessor.invokeImpl(DirectMethodHandleAccessor.java:154)
  java.base@21.0.6/jdk.internal.reflect.DirectMethodHandleAccessor.invoke(DirectMethodHandleAccessor.java:103)
  java.base@21.0.6/java.lang.reflect.Method.invoke(Method.java:580)
  app//org.codehaus.groovy.reflection.CachedMethod.invoke(CachedMethod.java:343)
  app//groovy.lang.MetaMethod.doMethodInvoke(MetaMethod.java:328)
  app//groovy.lang.MetaClassImpl.doInvokeMethod(MetaClassImpl.java:1333)
  app//groovy.lang.MetaClassImpl.invokeMethod(MetaClassImpl.java:1088)
  app//groovy.lang.MetaClassImpl.invokeMethodClosure(MetaClassImpl.java:1017)
  app//groovy.lang.MetaClassImpl.doInvokeMethod(MetaClassImpl.java:1207)
  app//groovy.lang.MetaClassImpl.invokeMethod(MetaClassImpl.java:1088)
  app//groovy.lang.MetaClassImpl.invokeMethod(MetaClassImpl.java:1007)
  app//groovy.lang.Closure.call(Closure.java:433)
  app//groovy.lang.Closure.call(Closure.java:412)
  app//groovy.lang.Closure.run(Closure.java:505)
  java.base@21.0.6/java.lang.Thread.runWith(Thread.java:1596)
  java.base@21.0.6/java.lang.Thread.run(Thread.java:1583)

Thread[#25,Thread-1,5,main]
  java.base@21.0.6/jdk.internal.misc.Unsafe.park(Native Method)
  java.base@21.0.6/java.util.concurrent.locks.LockSupport.parkNanos(LockSupport.java:269)
  java.base@21.0.6/java.util.concurrent.locks.AbstractQueuedSynchronizer$ConditionObject.awaitNanos(AbstractQueuedSynchronizer.java:1763)
  java.base@21.0.6/java.util.concurrent.LinkedBlockingDeque.pollFirst(LinkedBlockingDeque.java:515)
  java.base@21.0.6/java.util.concurrent.LinkedBlockingDeque.poll(LinkedBlockingDeque.java:677)
  app//nextflow.util.SimpleAgent.run(SimpleAgent.groovy:89)
  java.base@21.0.6/java.lang.invoke.LambdaForm$DMH/0x0000717c4019d000.invokeVirtual(LambdaForm$DMH)
  java.base@21.0.6/java.lang.invoke.LambdaForm$MH/0x0000717c40250000.invoke(LambdaForm$MH)
  java.base@21.0.6/java.lang.invoke.Invokers$Holder.invokeExact_MT(Invokers$Holder)
  java.base@21.0.6/jdk.internal.reflect.DirectMethodHandleAccessor.invokeImpl(DirectMethodHandleAccessor.java:153)
  java.base@21.0.6/jdk.internal.reflect.DirectMethodHandleAccessor.invoke(DirectMethodHandleAccessor.java:103)
  java.base@21.0.6/java.lang.reflect.Method.invoke(Method.java:580)
  app//org.codehaus.groovy.reflection.CachedMethod.invoke(CachedMethod.java:343)
  app//groovy.lang.MetaMethod.doMethodInvoke(MetaMethod.java:328)
  app//groovy.lang.MetaClassImpl.doInvokeMethod(MetaClassImpl.java:1333)
  app//groovy.lang.MetaClassImpl.invokeMethod(MetaClassImpl.java:1088)
  app//groovy.lang.MetaClassImpl.invokeMethodClosure(MetaClassImpl.java:1017)
  app//groovy.lang.MetaClassImpl.doInvokeMethod(MetaClassImpl.java:1207)
  app//groovy.lang.MetaClassImpl.invokeMethod(MetaClassImpl.java:1088)
  app//groovy.lang.MetaClassImpl.invokeMethod(MetaClassImpl.java:1007)
  app//groovy.lang.Closure.call(Closure.java:433)
  app//groovy.lang.Closure.call(Closure.java:412)
  app//groovy.lang.Closure.run(Closure.java:505)
  java.base@21.0.6/java.lang.Thread.runWith(Thread.java:1596)
  java.base@21.0.6/java.lang.Thread.run(Thread.java:1583)

Thread[#38,process reaper,10,InnocuousThreadGroup]
  java.base@21.0.6/jdk.internal.misc.Unsafe.park(Native Method)
  java.base@21.0.6/java.util.concurrent.locks.LockSupport.parkNanos(LockSupport.java:410)
  java.base@21.0.6/java.util.concurrent.LinkedTransferQueue$DualNode.await(LinkedTransferQueue.java:452)
  java.base@21.0.6/java.util.concurrent.SynchronousQueue$Transferer.xferLifo(SynchronousQueue.java:194)
  java.base@21.0.6/java.util.concurrent.SynchronousQueue.xfer(SynchronousQueue.java:235)
  java.base@21.0.6/java.util.concurrent.SynchronousQueue.poll(SynchronousQueue.java:338)
  java.base@21.0.6/java.util.concurrent.ThreadPoolExecutor.getTask(ThreadPoolExecutor.java:1069)
  java.base@21.0.6/java.util.concurrent.ThreadPoolExecutor.runWorker(ThreadPoolExecutor.java:1130)
  java.base@21.0.6/java.util.concurrent.ThreadPoolExecutor$Worker.run(ThreadPoolExecutor.java:642)
  java.base@21.0.6/java.lang.Thread.runWith(Thread.java:1596)
  java.base@21.0.6/java.lang.Thread.run(Thread.java:1583)
  java.base@21.0.6/jdk.internal.misc.InnocuousThread.run(InnocuousThread.java:186)

Thread[#11,Signal Dispatcher,9,system]

Thread[#28,Actor Thread 2,5,main]
  java.base@21.0.6/jdk.internal.misc.Unsafe.park(Native Method)
  java.base@21.0.6/java.util.concurrent.locks.LockSupport.parkNanos(LockSupport.java:410)
  java.base@21.0.6/java.util.concurrent.LinkedTransferQueue$DualNode.await(LinkedTransferQueue.java:452)
  java.base@21.0.6/java.util.concurrent.SynchronousQueue$Transferer.xferLifo(SynchronousQueue.java:194)
  java.base@21.0.6/java.util.concurrent.SynchronousQueue.xfer(SynchronousQueue.java:235)
  java.base@21.0.6/java.util.concurrent.SynchronousQueue.poll(SynchronousQueue.java:338)
  java.base@21.0.6/java.util.concurrent.ThreadPoolExecutor.getTask(ThreadPoolExecutor.java:1069)
  java.base@21.0.6/java.util.concurrent.ThreadPoolExecutor.runWorker(ThreadPoolExecutor.java:1130)
  java.base@21.0.6/java.util.concurrent.ThreadPoolExecutor$Worker.run(ThreadPoolExecutor.java:642)
  java.base@21.0.6/java.lang.Thread.runWith(Thread.java:1596)
  java.base@21.0.6/java.lang.Thread.run(Thread.java:1583)

Thread[#30,Task submitter,5,main]
  java.base@21.0.6/jdk.internal.misc.Unsafe.park(Native Method)
  java.base@21.0.6/java.util.concurrent.locks.LockSupport.park(LockSupport.java:371)
  java.base@21.0.6/java.util.concurrent.locks.AbstractQueuedSynchronizer$ConditionNode.block(AbstractQueuedSynchronizer.java:519)
  java.base@21.0.6/java.util.concurrent.ForkJoinPool.unmanagedBlock(ForkJoinPool.java:3780)
  java.base@21.0.6/java.util.concurrent.ForkJoinPool.managedBlock(ForkJoinPool.java:3725)
  java.base@21.0.6/java.util.concurrent.locks.AbstractQueuedSynchronizer$ConditionObject.await(AbstractQueuedSynchronizer.java:1712)
  app//nextflow.processor.TaskPollingMonitor.awaitTasks(TaskPollingMonitor.groovy:388)
  app//nextflow.processor.TaskPollingMonitor.submitLoop(TaskPollingMonitor.groovy:412)
  java.base@21.0.6/java.lang.invoke.LambdaForm$DMH/0x0000717c4019d000.invokeVirtual(LambdaForm$DMH)
  java.base@21.0.6/java.lang.invoke.LambdaForm$MH/0x0000717c40250000.invoke(LambdaForm$MH)
  java.base@21.0.6/java.lang.invoke.Invokers$Holder.invokeExact_MT(Invokers$Holder)
  java.base@21.0.6/jdk.internal.reflect.DirectMethodHandleAccessor.invokeImpl(DirectMethodHandleAccessor.java:153)
  java.base@21.0.6/jdk.internal.reflect.DirectMethodHandleAccessor.invoke(DirectMethodHandleAccessor.java:103)
  java.base@21.0.6/java.lang.reflect.Method.invoke(Method.java:580)
  app//org.codehaus.groovy.reflection.CachedMethod.invoke(CachedMethod.java:343)
  app//groovy.lang.MetaMethod.doMethodInvoke(MetaMethod.java:328)
  app//groovy.lang.MetaClassImpl.doInvokeMethod(MetaClassImpl.java:1333)
  app//groovy.lang.MetaClassImpl.invokeMethod(MetaClassImpl.java:1088)
  app//groovy.lang.MetaClassImpl.invokeMethodClosure(MetaClassImpl.java:1017)
  app//groovy.lang.MetaClassImpl.doInvokeMethod(MetaClassImpl.java:1207)
  app//groovy.lang.MetaClassImpl.invokeMethod(MetaClassImpl.java:1088)
  app//groovy.lang.MetaClassImpl.invokeMethod(MetaClassImpl.java:1007)
  app//groovy.lang.Closure.call(Closure.java:433)
  app//groovy.lang.Closure.call(Closure.java:412)
  app//groovy.lang.Closure.run(Closure.java:505)
  java.base@21.0.6/java.lang.Thread.runWith(Thread.java:1596)
  java.base@21.0.6/java.lang.Thread.run(Thread.java:1583)

Thread[#36,pool-2-thread-1,5,main]
  java.base@21.0.6/jdk.internal.misc.Unsafe.park(Native Method)
  java.base@21.0.6/java.util.concurrent.locks.LockSupport.park(LockSupport.java:371)
  java.base@21.0.6/java.util.concurrent.locks.AbstractQueuedSynchronizer$ConditionNode.block(AbstractQueuedSynchronizer.java:519)
  java.base@21.0.6/java.util.concurrent.ForkJoinPool.unmanagedBlock(ForkJoinPool.java:3780)
  java.base@21.0.6/java.util.concurrent.ForkJoinPool.managedBlock(ForkJoinPool.java:3725)
  java.base@21.0.6/java.util.concurrent.locks.AbstractQueuedSynchronizer$ConditionObject.await(AbstractQueuedSynchronizer.java:1712)
  java.base@21.0.6/java.util.concurrent.LinkedBlockingQueue.take(LinkedBlockingQueue.java:435)
  java.base@21.0.6/java.util.concurrent.ThreadPoolExecutor.getTask(ThreadPoolExecutor.java:1070)
  java.base@21.0.6/java.util.concurrent.ThreadPoolExecutor.runWorker(ThreadPoolExecutor.java:1130)
  java.base@21.0.6/java.util.concurrent.ThreadPoolExecutor$Worker.run(ThreadPoolExecutor.java:642)
  java.base@21.0.6/java.lang.Thread.runWith(Thread.java:1596)
  java.base@21.0.6/java.lang.Thread.run(Thread.java:1583)

Thread[#51,TaskFinalizer-5,5,main]
  java.base@21.0.6/java.lang.Thread.dumpThreads(Native Method)
  java.base@21.0.6/java.lang.Thread.getAllStackTraces(Thread.java:2522)
  app//nextflow.util.SysHelper.dumpThreads(SysHelper.groovy:188)
  app//nextflow.Session.abort(Session.groovy:800)
  app//nextflow.Session.fault(Session.groovy:766)
  app//nextflow.processor.TaskPollingMonitor.finalizeTask(TaskPollingMonitor.groovy:695)
  app//nextflow.processor.TaskPollingMonitor.safeFinalizeTask(TaskPollingMonitor.groovy:678)
  java.base@21.0.6/java.lang.invoke.DirectMethodHandle$Holder.invokeVirtual(DirectMethodHandle$Holder)
  java.base@21.0.6/java.lang.invoke.LambdaForm$MH/0x0000717c40250c00.invoke(LambdaForm$MH)
  java.base@21.0.6/java.lang.invoke.Invokers$Holder.invokeExact_MT(Invokers$Holder)
  java.base@21.0.6/jdk.internal.reflect.DirectMethodHandleAccessor.invokeImpl(DirectMethodHandleAccessor.java:154)
  java.base@21.0.6/jdk.internal.reflect.DirectMethodHandleAccessor.invoke(DirectMethodHandleAccessor.java:103)
  java.base@21.0.6/java.lang.reflect.Method.invoke(Method.java:580)
  app//org.codehaus.groovy.reflection.CachedMethod.invoke(CachedMethod.java:343)
  app//groovy.lang.MetaMethod.doMethodInvoke(MetaMethod.java:328)
  app//groovy.lang.MetaClassImpl.doInvokeMethod(MetaClassImpl.java:1333)
  app//groovy.lang.MetaClassImpl.invokeMethod(MetaClassImpl.java:1088)
  app//groovy.lang.MetaClassImpl.invokeMethod(MetaClassImpl.java:1007)
  app//org.codehaus.groovy.runtime.InvokerHelper.invokePogoMethod(InvokerHelper.java:645)
  app//org.codehaus.groovy.runtime.InvokerHelper.invokeMethod(InvokerHelper.java:628)
  app//org.codehaus.groovy.runtime.InvokerHelper.invokeMethodSafe(InvokerHelper.java:82)
  app//nextflow.processor.TaskPollingMonitor$_checkTaskStatus_lambda8.doCall(TaskPollingMonitor.groovy:668)
  app//nextflow.processor.TaskPollingMonitor$$Lambda/0x0000717c404150d0.run(Unknown Source)
  java.base@21.0.6/java.util.concurrent.Executors$RunnableAdapter.call(Executors.java:572)
  java.base@21.0.6/java.util.concurrent.FutureTask.run(FutureTask.java:317)
  java.base@21.0.6/java.util.concurrent.ThreadPoolExecutor.runWorker(ThreadPoolExecutor.java:1144)
  java.base@21.0.6/java.util.concurrent.ThreadPoolExecutor$Worker.run(ThreadPoolExecutor.java:642)
  java.base@21.0.6/java.lang.Thread.runWith(Thread.java:1596)
  java.base@21.0.6/java.lang.Thread.run(Thread.java:1583)

Thread[#34,Actor Thread 5,5,main]
  java.base@21.0.6/jdk.internal.misc.Unsafe.park(Native Method)
  java.base@21.0.6/java.util.concurrent.locks.LockSupport.parkNanos(LockSupport.java:410)
  java.base@21.0.6/java.util.concurrent.LinkedTransferQueue$DualNode.await(LinkedTransferQueue.java:452)
  java.base@21.0.6/java.util.concurrent.SynchronousQueue$Transferer.xferLifo(SynchronousQueue.java:194)
  java.base@21.0.6/java.util.concurrent.SynchronousQueue.xfer(SynchronousQueue.java:235)
  java.base@21.0.6/java.util.concurrent.SynchronousQueue.poll(SynchronousQueue.java:338)
  java.base@21.0.6/java.util.concurrent.ThreadPoolExecutor.getTask(ThreadPoolExecutor.java:1069)
  java.base@21.0.6/java.util.concurrent.ThreadPoolExecutor.runWorker(ThreadPoolExecutor.java:1130)
  java.base@21.0.6/java.util.concurrent.ThreadPoolExecutor$Worker.run(ThreadPoolExecutor.java:642)
  java.base@21.0.6/java.lang.Thread.runWith(Thread.java:1596)
  java.base@21.0.6/java.lang.Thread.run(Thread.java:1583)

Thread[#37,pool-2-thread-2,5,main]
  java.base@21.0.6/jdk.internal.misc.Unsafe.park(Native Method)
  java.base@21.0.6/java.util.concurrent.locks.LockSupport.park(LockSupport.java:371)
  java.base@21.0.6/java.util.concurrent.locks.AbstractQueuedSynchronizer$ConditionNode.block(AbstractQueuedSynchronizer.java:519)
  java.base@21.0.6/java.util.concurrent.ForkJoinPool.unmanagedBlock(ForkJoinPool.java:3780)
  java.base@21.0.6/java.util.concurrent.ForkJoinPool.managedBlock(ForkJoinPool.java:3725)
  java.base@21.0.6/java.util.concurrent.locks.AbstractQueuedSynchronizer$ConditionObject.await(AbstractQueuedSynchronizer.java:1712)
  java.base@21.0.6/java.util.concurrent.LinkedBlockingQueue.take(LinkedBlockingQueue.java:435)
  java.base@21.0.6/java.util.concurrent.ThreadPoolExecutor.getTask(ThreadPoolExecutor.java:1070)
  java.base@21.0.6/java.util.concurrent.ThreadPoolExecutor.runWorker(ThreadPoolExecutor.java:1130)
  java.base@21.0.6/java.util.concurrent.ThreadPoolExecutor$Worker.run(ThreadPoolExecutor.java:642)
  java.base@21.0.6/java.lang.Thread.runWith(Thread.java:1596)
  java.base@21.0.6/java.lang.Thread.run(Thread.java:1583)

Thread[#47,pool-2-thread-4,5,main]
  java.base@21.0.6/jdk.internal.misc.Unsafe.park(Native Method)
  java.base@21.0.6/java.util.concurrent.locks.LockSupport.park(LockSupport.java:371)
  java.base@21.0.6/java.util.concurrent.locks.AbstractQueuedSynchronizer$ConditionNode.block(AbstractQueuedSynchronizer.java:519)
  java.base@21.0.6/java.util.concurrent.ForkJoinPool.unmanagedBlock(ForkJoinPool.java:3780)
  java.base@21.0.6/java.util.concurrent.ForkJoinPool.managedBlock(ForkJoinPool.java:3725)
  java.base@21.0.6/java.util.concurrent.locks.AbstractQueuedSynchronizer$ConditionObject.await(AbstractQueuedSynchronizer.java:1712)
  java.base@21.0.6/java.util.concurrent.LinkedBlockingQueue.take(LinkedBlockingQueue.java:435)
  java.base@21.0.6/java.util.concurrent.ThreadPoolExecutor.getTask(ThreadPoolExecutor.java:1070)
  java.base@21.0.6/java.util.concurrent.ThreadPoolExecutor.runWorker(ThreadPoolExecutor.java:1130)
  java.base@21.0.6/java.util.concurrent.ThreadPoolExecutor$Worker.run(ThreadPoolExecutor.java:642)
  java.base@21.0.6/java.lang.Thread.runWith(Thread.java:1596)
  java.base@21.0.6/java.lang.Thread.run(Thread.java:1583)

Thread[#48,process reaper,10,InnocuousThreadGroup]
  java.base@21.0.6/jdk.internal.misc.Unsafe.park(Native Method)
  java.base@21.0.6/java.util.concurrent.locks.LockSupport.parkNanos(LockSupport.java:410)
  java.base@21.0.6/java.util.concurrent.LinkedTransferQueue$DualNode.await(LinkedTransferQueue.java:452)
  java.base@21.0.6/java.util.concurrent.SynchronousQueue$Transferer.xferLifo(SynchronousQueue.java:194)
  java.base@21.0.6/java.util.concurrent.SynchronousQueue.xfer(SynchronousQueue.java:235)
  java.base@21.0.6/java.util.concurrent.SynchronousQueue.poll(SynchronousQueue.java:338)
  java.base@21.0.6/java.util.concurrent.ThreadPoolExecutor.getTask(ThreadPoolExecutor.java:1069)
  java.base@21.0.6/java.util.concurrent.ThreadPoolExecutor.runWorker(ThreadPoolExecutor.java:1130)
  java.base@21.0.6/java.util.concurrent.ThreadPoolExecutor$Worker.run(ThreadPoolExecutor.java:642)
  java.base@21.0.6/java.lang.Thread.runWith(Thread.java:1596)
  java.base@21.0.6/java.lang.Thread.run(Thread.java:1583)
  java.base@21.0.6/jdk.internal.misc.InnocuousThread.run(InnocuousThread.java:186)

Thread[#31,PathVisitor-1,5,main]
  java.base@21.0.6/jdk.internal.misc.Unsafe.park(Native Method)
  java.base@21.0.6/java.util.concurrent.locks.LockSupport.parkNanos(LockSupport.java:410)
  java.base@21.0.6/java.util.concurrent.LinkedTransferQueue$DualNode.await(LinkedTransferQueue.java:452)
  java.base@21.0.6/java.util.concurrent.SynchronousQueue$Transferer.xferLifo(SynchronousQueue.java:194)
  java.base@21.0.6/java.util.concurrent.SynchronousQueue.xfer(SynchronousQueue.java:235)
  java.base@21.0.6/java.util.concurrent.SynchronousQueue.poll(SynchronousQueue.java:338)
  java.base@21.0.6/java.util.concurrent.ThreadPoolExecutor.getTask(ThreadPoolExecutor.java:1069)
  java.base@21.0.6/java.util.concurrent.ThreadPoolExecutor.runWorker(ThreadPoolExecutor.java:1130)
  java.base@21.0.6/java.util.concurrent.ThreadPoolExecutor$Worker.run(ThreadPoolExecutor.java:642)
  java.base@21.0.6/java.lang.Thread.runWith(Thread.java:1596)
  java.base@21.0.6/java.lang.Thread.run(Thread.java:1583)

Thread[#1,main,5,main]
  java.base@21.0.6/java.lang.Object.wait0(Native Method)
  java.base@21.0.6/java.lang.Object.wait(Object.java:366)
  java.base@21.0.6/java.lang.Thread.join(Thread.java:2079)
  java.base@21.0.6/java.lang.Thread.join(Thread.java:2155)
  app//nextflow.trace.AnsiLogObserver.onFlowComplete(AnsiLogObserver.groovy:506)
  app//nextflow.Session.notifyFlowComplete(Session.groovy:1155)
  app//nextflow.Session.shutdown0(Session.groovy:749)
  app//nextflow.Session.destroy(Session.groovy:694)
  app//nextflow.script.ScriptRunner.shutdown(ScriptRunner.groovy:260)
  app//nextflow.script.ScriptRunner.execute(ScriptRunner.groovy:146)
  app//nextflow.cli.CmdRun.run(CmdRun.groovy:376)
  app//nextflow.cli.Launcher.run(Launcher.groovy:503)
  app//nextflow.cli.Launcher.main(Launcher.groovy:658)

Thread[#18,Notification Thread,9,system]

Thread[#23,process reaper,10,InnocuousThreadGroup]
  java.base@21.0.6/jdk.internal.misc.Unsafe.park(Native Method)
  java.base@21.0.6/java.util.concurrent.locks.LockSupport.parkNanos(LockSupport.java:410)
  java.base@21.0.6/java.util.concurrent.LinkedTransferQueue$DualNode.await(LinkedTransferQueue.java:452)
  java.base@21.0.6/java.util.concurrent.SynchronousQueue$Transferer.xferLifo(SynchronousQueue.java:194)
  java.base@21.0.6/java.util.concurrent.SynchronousQueue.xfer(SynchronousQueue.java:235)
  java.base@21.0.6/java.util.concurrent.SynchronousQueue.poll(SynchronousQueue.java:338)
  java.base@21.0.6/java.util.concurrent.ThreadPoolExecutor.getTask(ThreadPoolExecutor.java:1069)
  java.base@21.0.6/java.util.concurrent.ThreadPoolExecutor.runWorker(ThreadPoolExecutor.java:1130)
  java.base@21.0.6/java.util.concurrent.ThreadPoolExecutor$Worker.run(ThreadPoolExecutor.java:642)
  java.base@21.0.6/java.lang.Thread.runWith(Thread.java:1596)
  java.base@21.0.6/java.lang.Thread.run(Thread.java:1583)
  java.base@21.0.6/jdk.internal.misc.InnocuousThread.run(InnocuousThread.java:186)

Thread[#39,pool-2-thread-3,5,main]
  java.base@21.0.6/jdk.internal.misc.Unsafe.park(Native Method)
  java.base@21.0.6/java.util.concurrent.locks.LockSupport.park(LockSupport.java:371)
  java.base@21.0.6/java.util.concurrent.locks.AbstractQueuedSynchronizer$ConditionNode.block(AbstractQueuedSynchronizer.java:519)
  java.base@21.0.6/java.util.concurrent.ForkJoinPool.unmanagedBlock(ForkJoinPool.java:3780)
  java.base@21.0.6/java.util.concurrent.ForkJoinPool.managedBlock(ForkJoinPool.java:3725)
  java.base@21.0.6/java.util.concurrent.locks.AbstractQueuedSynchronizer$ConditionObject.await(AbstractQueuedSynchronizer.java:1712)
  java.base@21.0.6/java.util.concurrent.LinkedBlockingQueue.take(LinkedBlockingQueue.java:435)
  java.base@21.0.6/java.util.concurrent.ThreadPoolExecutor.getTask(ThreadPoolExecutor.java:1070)
  java.base@21.0.6/java.util.concurrent.ThreadPoolExecutor.runWorker(ThreadPoolExecutor.java:1130)
  java.base@21.0.6/java.util.concurrent.ThreadPoolExecutor$Worker.run(ThreadPoolExecutor.java:642)
  java.base@21.0.6/java.lang.Thread.runWith(Thread.java:1596)
  java.base@21.0.6/java.lang.Thread.run(Thread.java:1583)

Thread[#32,Actor Thread 3,5,main]
  java.base@21.0.6/jdk.internal.misc.Unsafe.park(Native Method)
  java.base@21.0.6/java.util.concurrent.locks.LockSupport.parkNanos(LockSupport.java:410)
  java.base@21.0.6/java.util.concurrent.LinkedTransferQueue$DualNode.await(LinkedTransferQueue.java:452)
  java.base@21.0.6/java.util.concurrent.SynchronousQueue$Transferer.xferLifo(SynchronousQueue.java:194)
  java.base@21.0.6/java.util.concurrent.SynchronousQueue.xfer(SynchronousQueue.java:235)
  java.base@21.0.6/java.util.concurrent.SynchronousQueue.poll(SynchronousQueue.java:338)
  java.base@21.0.6/java.util.concurrent.ThreadPoolExecutor.getTask(ThreadPoolExecutor.java:1069)
  java.base@21.0.6/java.util.concurrent.ThreadPoolExecutor.runWorker(ThreadPoolExecutor.java:1130)
  java.base@21.0.6/java.util.concurrent.ThreadPoolExecutor$Worker.run(ThreadPoolExecutor.java:642)
  java.base@21.0.6/java.lang.Thread.runWith(Thread.java:1596)
  java.base@21.0.6/java.lang.Thread.run(Thread.java:1583)

Thread[#9,Reference Handler,10,system]
  java.base@21.0.6/java.lang.ref.Reference.waitForReferencePendingList(Native Method)
  java.base@21.0.6/java.lang.ref.Reference.processPendingReferences(Reference.java:246)
  java.base@21.0.6/java.lang.ref.Reference$ReferenceHandler.run(Reference.java:208)

Thread[#27,Actor Thread 1,5,main]
  java.base@21.0.6/jdk.internal.misc.Unsafe.park(Native Method)
  java.base@21.0.6/java.util.concurrent.locks.LockSupport.parkNanos(LockSupport.java:410)
  java.base@21.0.6/java.util.concurrent.LinkedTransferQueue$DualNode.await(LinkedTransferQueue.java:452)
  java.base@21.0.6/java.util.concurrent.SynchronousQueue$Transferer.xferLifo(SynchronousQueue.java:194)
  java.base@21.0.6/java.util.concurrent.SynchronousQueue.xfer(SynchronousQueue.java:235)
  java.base@21.0.6/java.util.concurrent.SynchronousQueue.poll(SynchronousQueue.java:338)
  java.base@21.0.6/java.util.concurrent.ThreadPoolExecutor.getTask(ThreadPoolExecutor.java:1069)
  java.base@21.0.6/java.util.concurrent.ThreadPoolExecutor.runWorker(ThreadPoolExecutor.java:1130)
  java.base@21.0.6/java.util.concurrent.ThreadPoolExecutor$Worker.run(ThreadPoolExecutor.java:642)
  java.base@21.0.6/java.lang.Thread.runWith(Thread.java:1596)
  java.base@21.0.6/java.lang.Thread.run(Thread.java:1583)

Feb-09 17:17:54.852 [TaskFinalizer-5] WARN  nextflow.util.SimpleAgent - Got an interrupted exception while taking agent result | java.lang.InterruptedException
Feb-09 17:17:54.913 [main] DEBUG nextflow.cache.CacheDB - Closing CacheDB done
Feb-09 17:17:55.039 [main] DEBUG nextflow.script.ScriptRunner - > Execution complete -- Goodbye
